------------------------------------------------------------------------------------------------------------------------

[2025-03-22 10:00:42 #1 store] 
Database 'C:\Users\ander\Downloads\3MarroiaGUIFuncional\3marroia25\erreserba_data.odb' is opened by 33812@LAPTOP-KQMM363R

[2025-03-22 10:00:42 #2 store] 
Configuration path: ?

[2025-03-22 10:00:43 #3 type] 
Type domain.ConcreteFlight is not enhanced.

[2025-03-22 10:00:43 #4 type] 
Type domain.Flight is not enhanced.

------------------------------------------------------------------------------------------------------------------------

[2025-03-22 10:23:34 #1 store] 
Database 'C:\Users\ander\Downloads\3MarroiaGUIFuncional\3marroia25\erreserba_data.odb' is opened by 7288@LAPTOP-KQMM363R

[2025-03-22 10:23:34 #2 store] 
Configuration path: ?

[2025-03-22 10:23:34 #3 type] 
Type domain.ConcreteFlight is not enhanced.

[2025-03-22 10:23:34 #4 type] 
Type domain.Flight is not enhanced.

------------------------------------------------------------------------------------------------------------------------

[2025-03-22 10:37:36 #1 store] 
Database 'C:\Users\ander\Downloads\3MarroiaGUIFuncional\3marroia25\erreserba_data.odb' has been recovered (tr. 171-171)

[2025-03-22 10:37:36 #2 store] 
Database 'C:\Users\ander\Downloads\3MarroiaGUIFuncional\3marroia25\erreserba_data.odb' is opened by 24264@LAPTOP-KQMM363R

[2025-03-22 10:37:36 #3 store] 
Configuration path: ?

[2025-03-22 10:37:36 #4 type] 
Type domain.ConcreteFlight is not enhanced.

[2025-03-22 10:37:36 #5 type] 
Type domain.Flight is not enhanced.

------------------------------------------------------------------------------------------------------------------------

[2025-03-22 10:38:30 #1 store] 
Database 'C:\Users\ander\Downloads\3MarroiaGUIFuncional\3marroia25\erreserba_data.odb' has been recovered (tr. 172-172)

[2025-03-22 10:38:30 #2 store] 
Database 'C:\Users\ander\Downloads\3MarroiaGUIFuncional\3marroia25\erreserba_data.odb' is opened by 8388@LAPTOP-KQMM363R

[2025-03-22 10:38:30 #3 store] 
Configuration path: ?

[2025-03-22 10:38:30 #4 type] 
Type domain.ConcreteFlight is not enhanced.

[2025-03-22 10:38:30 #5 type] 
Type domain.Flight is not enhanced.

------------------------------------------------------------------------------------------------------------------------

[2025-03-22 10:42:37 #1 store] 
Database 'C:\Users\ander\Downloads\3MarroiaGUIFuncional\3marroia25\erreserba_data.odb' is opened by 19336@LAPTOP-KQMM363R

[2025-03-22 10:42:37 #2 store] 
Configuration path: ?

[2025-03-22 10:42:37 #3 type] 
Type domain.ConcreteFlight is not enhanced.

[2025-03-22 10:42:37 #4 type] 
Type domain.Flight is not enhanced.

------------------------------------------------------------------------------------------------------------------------

[2025-03-22 10:45:21 #1 store] 
Database 'C:\Users\ander\Downloads\3MarroiaGUIFuncional\3marroia25\erreserba_data.odb' has been recovered (tr. 173-176)

[2025-03-22 10:45:21 #2 store] 
Database 'C:\Users\ander\Downloads\3MarroiaGUIFuncional\3marroia25\erreserba_data.odb' is opened by 12780@LAPTOP-KQMM363R

[2025-03-22 10:45:21 #3 store] 
Configuration path: ?

[2025-03-22 10:45:21 #4 type] 
Type domain.ConcreteFlight is not enhanced.

[2025-03-22 10:45:21 #5 type] 
Type domain.Flight is not enhanced.

------------------------------------------------------------------------------------------------------------------------

[2025-03-22 10:52:19 #1 store] 
Database 'C:\Users\ander\Downloads\3MarroiaGUIFuncional\3marroia25\erreserba_data.odb' is opened by 27368@LAPTOP-KQMM363R

[2025-03-22 10:52:19 #2 store] 
Configuration path: ?

[2025-03-22 10:52:20 #3 type] 
Type domain.ConcreteFlight is not enhanced.

[2025-03-22 10:52:20 #4 type] 
Type domain.Flight is not enhanced.

------------------------------------------------------------------------------------------------------------------------

[2025-03-22 11:12:13 #1 store] 
Database 'C:\Users\ander\Downloads\3MarroiaGUIFuncional\3marroia25\erreserba_data.odb' is opened by 12356@LAPTOP-KQMM363R

[2025-03-22 11:12:13 #2 store] 
Configuration path: ?

[2025-03-22 11:12:13 #3 type] 
Type domain.ConcreteFlight is not enhanced.

[2025-03-22 11:12:13 #4 type] 
Type domain.Flight is not enhanced.

------------------------------------------------------------------------------------------------------------------------

[2025-03-22 11:19:25 #1 store] 
Database 'C:\Users\ander\Downloads\3MarroiaGUIFuncional\3marroia25\erreserba_data.odb' is opened by 10800@LAPTOP-KQMM363R

[2025-03-22 11:19:25 #2 store] 
Configuration path: ?

[2025-03-22 11:19:25 #3 type] 
Type domain.ConcreteFlight is not enhanced.

[2025-03-22 11:19:25 #4 type] 
Type domain.Flight is not enhanced.

------------------------------------------------------------------------------------------------------------------------

[2025-03-22 11:41:39 #1 store] 
Database 'C:\Users\ander\Downloads\3MarroiaGUIFuncional\3marroia25\erreserba_data.odb' is opened by 14524@LAPTOP-KQMM363R

[2025-03-22 11:41:39 #2 store] 
Configuration path: ?

[2025-03-22 11:41:39 #3 type] 
Type domain.ConcreteFlight is not enhanced.

[2025-03-22 11:41:39 #4 type] 
Type domain.Flight is not enhanced.

------------------------------------------------------------------------------------------------------------------------

[2025-03-22 11:44:17 #1 store] 
Database 'C:\Users\ander\Downloads\3MarroiaGUIFuncional\3marroia25\erreserba_data.odb' is opened by 492@LAPTOP-KQMM363R

[2025-03-22 11:44:17 #2 store] 
Configuration path: ?

[2025-03-22 11:44:18 #3 type] 
Type domain.ConcreteFlight is not enhanced.

[2025-03-22 11:44:18 #4 type] 
Type domain.Flight is not enhanced.

------------------------------------------------------------------------------------------------------------------------

[2025-03-22 11:46:18 #1 store] 
Database 'C:\Users\ander\Downloads\3MarroiaGUIFuncional\3marroia25\erreserba_data.odb' is opened by 21676@LAPTOP-KQMM363R

[2025-03-22 11:46:18 #2 store] 
Configuration path: ?

[2025-03-22 11:46:18 #3 type] 
Type domain.ConcreteFlight is not enhanced.

[2025-03-22 11:46:18 #4 type] 
Type domain.Flight is not enhanced.

------------------------------------------------------------------------------------------------------------------------

[2025-03-22 11:54:45 #1 store] 
Database '/Users/arruti/eclipse-workspace/3marroia25-4.zip_expanded/3marroia25-3/marroia1/erreserba_data.odb' has been recovered (tr. 177-177)

[2025-03-22 11:54:45 #2 store] 
Database '/Users/arruti/eclipse-workspace/3marroia25-4.zip_expanded/3marroia25-3/marroia1/erreserba_data.odb' is opened by 19988@MacBook-Air-de-Benat.local

[2025-03-22 11:54:45 #3 store] 
Configuration path: ?

[2025-03-22 11:54:45 #4 type] 
Type domain.ConcreteFlight is not enhanced.

[2025-03-22 11:54:45 #5 type] 
Type domain.Flight is not enhanced.

------------------------------------------------------------------------------------------------------------------------

[2025-03-22 11:56:01 #1 store] 
Database '/Users/arruti/eclipse-workspace/3marroia25-4.zip_expanded/3marroia25-3/marroia1/erreserba_data.odb' has been recovered (tr. 192-192)

[2025-03-22 11:56:01 #2 store] 
Database '/Users/arruti/eclipse-workspace/3marroia25-4.zip_expanded/3marroia25-3/marroia1/erreserba_data.odb' is opened by 20003@MacBook-Air-de-Benat.local

[2025-03-22 11:56:01 #3 store] 
Configuration path: ?

[2025-03-22 11:56:01 #4 type] 
Type domain.ConcreteFlight is not enhanced.

[2025-03-22 11:56:01 #5 type] 
Type domain.Flight is not enhanced.

------------------------------------------------------------------------------------------------------------------------

[2025-03-22 11:57:12 #1 store] 
Database '/Users/arruti/eclipse-workspace/3marroia25-4.zip_expanded/3marroia25-3/marroia1/erreserba_data.odb' is opened by 20021@MacBook-Air-de-Benat.local

[2025-03-22 11:57:12 #2 store] 
Configuration path: ?

[2025-03-22 11:57:12 #3 type] 
Type domain.ConcreteFlight is not enhanced.

[2025-03-22 11:57:12 #4 type] 
Type domain.Flight is not enhanced.

------------------------------------------------------------------------------------------------------------------------

[2025-03-22 11:58:19 #1 store] 
Database '/Users/arruti/eclipse-workspace/3marroia25-4.zip_expanded/3marroia25-3/marroia1/erreserba_data.odb' is opened by 20048@MacBook-Air-de-Benat.local

[2025-03-22 11:58:19 #2 store] 
Configuration path: ?

[2025-03-22 11:58:19 #3 type] 
Type domain.ConcreteFlight is not enhanced.

[2025-03-22 11:58:19 #4 type] 
Type domain.Flight is not enhanced.

------------------------------------------------------------------------------------------------------------------------

[2025-03-22 11:58:28 #1 store] 
Database '/Users/arruti/eclipse-workspace/3marroia25-4.zip_expanded/3marroia25-3/marroia1/erreserba_data.odb' is opened by 20051@MacBook-Air-de-Benat.local

[2025-03-22 11:58:28 #2 store] 
Configuration path: ?

[2025-03-22 11:58:28 #3 type] 
Type domain.ConcreteFlight is not enhanced.

[2025-03-22 11:58:28 #4 type] 
Type domain.Flight is not enhanced.

------------------------------------------------------------------------------------------------------------------------

[2025-03-22 12:06:38 #1 store] 
Database '/Users/arruti/eclipse-workspace/3marroia25-4.zip_expanded/3marroia25-3/marroia1/erreserba_data.odb' is opened by 20157@MacBook-Air-de-Benat.local

[2025-03-22 12:06:38 #2 store] 
Configuration path: ?

[2025-03-22 12:06:38 #3 type] 
Type domain.ConcreteFlight is not enhanced.

[2025-03-22 12:06:38 #4 type] 
Type domain.Flight is not enhanced.

------------------------------------------------------------------------------------------------------------------------

[2025-03-22 12:08:14 #1 store] 
Database '/Users/arruti/eclipse-workspace/3marroia25-4.zip_expanded/3marroia25-3/marroia1/erreserba_data.odb' has been recovered (tr. 193-228)

[2025-03-22 12:08:14 #2 store] 
Database '/Users/arruti/eclipse-workspace/3marroia25-4.zip_expanded/3marroia25-3/marroia1/erreserba_data.odb' is opened by 20181@MacBook-Air-de-Benat.local

[2025-03-22 12:08:14 #3 store] 
Configuration path: ?

[2025-03-22 12:08:14 #4 type] 
Type domain.ConcreteFlight is not enhanced.

[2025-03-22 12:08:14 #5 type] 
Type domain.Flight is not enhanced.

------------------------------------------------------------------------------------------------------------------------

[2025-03-22 12:09:38 #1 store] 
Database '/Users/arruti/eclipse-workspace/3marroia25-4.zip_expanded/3marroia25-3/marroia1/erreserba_data.odb' is opened by 20203@MacBook-Air-de-Benat.local

[2025-03-22 12:09:38 #2 store] 
Configuration path: ?

[2025-03-22 12:09:38 #3 type] 
Type domain.ConcreteFlight is not enhanced.

[2025-03-22 12:09:38 #4 type] 
Type domain.Flight is not enhanced.

------------------------------------------------------------------------------------------------------------------------

[2025-03-22 12:10:02 #1 store] 
Database '/Users/arruti/eclipse-workspace/3marroia25-4.zip_expanded/3marroia25-3/marroia1/erreserba_data.odb' is opened by 20207@MacBook-Air-de-Benat.local

[2025-03-22 12:10:02 #2 store] 
Configuration path: ?

[2025-03-22 12:10:02 #3 type] 
Type domain.ConcreteFlight is not enhanced.

[2025-03-22 12:10:02 #4 type] 
Type domain.Flight is not enhanced.

------------------------------------------------------------------------------------------------------------------------

[2025-03-22 12:12:49 #1 store] 
Database '/Users/arruti/eclipse-workspace/3marroia25-4.zip_expanded/3marroia25-3/marroia1/erreserba_data.odb' is opened by 20271@MacBook-Air-de-Benat.local

[2025-03-22 12:12:49 #2 store] 
Configuration path: ?

[2025-03-22 12:12:49 #3 type] 
Type domain.ConcreteFlight is not enhanced.

[2025-03-22 12:12:49 #4 type] 
Type domain.Flight is not enhanced.

------------------------------------------------------------------------------------------------------------------------

[2025-03-22 12:13:56 #1 store] 
Database '/Users/arruti/eclipse-workspace/3marroia25-4.zip_expanded/3marroia25-3/marroia1/erreserba_data.odb' has been recovered (tr. 229-231)

[2025-03-22 12:13:56 #2 store] 
Database '/Users/arruti/eclipse-workspace/3marroia25-4.zip_expanded/3marroia25-3/marroia1/erreserba_data.odb' is opened by 20286@MacBook-Air-de-Benat.local

[2025-03-22 12:13:56 #3 store] 
Configuration path: ?

[2025-03-22 12:13:57 #4 type] 
Type domain.ConcreteFlight is not enhanced.

[2025-03-22 12:13:57 #5 type] 
Type domain.Flight is not enhanced.

------------------------------------------------------------------------------------------------------------------------

[2025-03-22 12:41:14 #1 store] 
Database '/Users/arruti/eclipse-workspace/3marroia25-4.zip_expanded/3marroia25-3/marroia1/erreserba_data.odb' has been recovered (tr. 232-233)

[2025-03-22 12:41:14 #2 store] 
Database '/Users/arruti/eclipse-workspace/3marroia25-4.zip_expanded/3marroia25-3/marroia1/erreserba_data.odb' is opened by 1256@MacBook-Air-de-Benat.local

[2025-03-22 12:41:14 #3 store] 
Configuration path: ?

[2025-03-22 12:41:14 #4 type] 
Type domain.ConcreteFlight is not enhanced.

[2025-03-22 12:41:14 #5 type] 
Type domain.Flight is not enhanced.

------------------------------------------------------------------------------------------------------------------------

[2025-03-22 12:48:36 #1 store] 
Database '/Users/arruti/eclipse-workspace/3marroia25-4.zip_expanded/3marroia25-3/marroia1/erreserba_data.odb' is opened by 1352@MacBook-Air-de-Benat.local

[2025-03-22 12:48:36 #2 store] 
Configuration path: ?

[2025-03-22 12:48:36 #3 type] 
Type domain.ConcreteFlight is not enhanced.

[2025-03-22 12:48:36 #4 type] 
Type domain.Flight is not enhanced.

------------------------------------------------------------------------------------------------------------------------

[2025-03-22 13:19:02 #1 store] 
Database '/Users/arruti/eclipse-workspace/3marroia25-4.zip_expanded/3marroia25-3/marroia1/erreserba_data.odb' is opened by 1698@MacBook-Air-de-Benat.local

[2025-03-22 13:19:02 #2 store] 
Configuration path: ?

[2025-03-22 13:19:02 #3 type] 
Type domain.ConcreteFlight is not enhanced.

[2025-03-22 13:19:02 #4 type] 
Type domain.Flight is not enhanced.

------------------------------------------------------------------------------------------------------------------------

[2025-03-22 13:20:27 #1 store] 
Database '/Users/arruti/eclipse-workspace/3marroia25-4.zip_expanded/3marroia25-3/marroia1/erreserba_data.odb' is opened by 1707@MacBook-Air-de-Benat.local

[2025-03-22 13:20:27 #2 store] 
Configuration path: ?

[2025-03-22 13:20:27 #3 type] 
Type domain.ConcreteFlight is not enhanced.

[2025-03-22 13:20:27 #4 type] 
Type domain.Flight is not enhanced.

------------------------------------------------------------------------------------------------------------------------

[2025-03-22 13:20:50 #1 store] 
Database '/Users/arruti/eclipse-workspace/3marroia25-4.zip_expanded/3marroia25-3/marroia1/erreserba_data.odb' has been recovered (tr. 234-234)

[2025-03-22 13:20:50 #2 store] 
Database '/Users/arruti/eclipse-workspace/3marroia25-4.zip_expanded/3marroia25-3/marroia1/erreserba_data.odb' is opened by 1710@MacBook-Air-de-Benat.local

[2025-03-22 13:20:50 #3 store] 
Configuration path: ?

[2025-03-22 13:20:51 #4 type] 
Type domain.ConcreteFlight is not enhanced.

[2025-03-22 13:20:51 #5 type] 
Type domain.Flight is not enhanced.

------------------------------------------------------------------------------------------------------------------------

[2025-03-22 13:42:53 #1 store] 
Database '/Users/arruti/eclipse-workspace/3marroia25-4.zip_expanded/3marroia25-3/marroia1/erreserba_data.odb' has been recovered (tr. 235-235)

[2025-03-22 13:42:53 #2 store] 
Database '/Users/arruti/eclipse-workspace/3marroia25-4.zip_expanded/3marroia25-3/marroia1/erreserba_data.odb' is opened by 1997@MacBook-Air-de-Benat.local

[2025-03-22 13:42:53 #3 store] 
Configuration path: ?

[2025-03-22 13:42:53 #4 type] 
Type domain.ConcreteFlight is not enhanced.

[2025-03-22 13:42:53 #5 type] 
Type domain.Flight is not enhanced.

------------------------------------------------------------------------------------------------------------------------

[2025-03-22 16:51:21 #1 store] 
Database 'C:\Users\ander\Downloads\3MarroiaFuncionalPorTerminar\3marroia25\erreserba_data.odb' is opened by 32784@LAPTOP-KQMM363R

[2025-03-22 16:51:21 #2 store] 
Configuration path: ?

[2025-03-22 16:51:21 #3 type] 
Type domain.ConcreteFlight is not enhanced.

[2025-03-22 16:51:21 #4 type] 
Type domain.Flight is not enhanced.

------------------------------------------------------------------------------------------------------------------------

[2025-03-22 16:52:36 #1 store] 
Database 'C:\Users\ander\Downloads\3MarroiaFuncionalPorTerminar\3marroia25\erreserba_data.odb' is opened by 23732@LAPTOP-KQMM363R

[2025-03-22 16:52:36 #2 store] 
Configuration path: ?

[2025-03-22 16:52:36 #3 type] 
Type domain.ConcreteFlight is not enhanced.

[2025-03-22 16:52:36 #4 type] 
Type domain.Flight is not enhanced.

------------------------------------------------------------------------------------------------------------------------

[2025-03-22 16:52:57 #1 store] 
Database 'C:\Users\ander\Downloads\3MarroiaFuncionalPorTerminar\3marroia25\erreserba_data.odb' has been recovered (tr. 236-237)

[2025-03-22 16:52:57 #2 store] 
Database 'C:\Users\ander\Downloads\3MarroiaFuncionalPorTerminar\3marroia25\erreserba_data.odb' is opened by 12348@LAPTOP-KQMM363R

[2025-03-22 16:52:57 #3 store] 
Configuration path: ?

[2025-03-22 16:52:57 #4 type] 
Type domain.ConcreteFlight is not enhanced.

[2025-03-22 16:52:57 #5 type] 
Type domain.Flight is not enhanced.

------------------------------------------------------------------------------------------------------------------------

[2025-03-22 16:54:07 #1 store] 
Database 'C:\Users\ander\Downloads\3MarroiaFuncionalPorTerminar\3marroia25\erreserba_data.odb' has been recovered (tr. 238-239)

[2025-03-22 16:54:07 #2 store] 
Database 'C:\Users\ander\Downloads\3MarroiaFuncionalPorTerminar\3marroia25\erreserba_data.odb' is opened by 31504@LAPTOP-KQMM363R

[2025-03-22 16:54:07 #3 store] 
Configuration path: ?

[2025-03-22 16:54:07 #4 type] 
Type domain.ConcreteFlight is not enhanced.

[2025-03-22 16:54:07 #5 type] 
Type domain.Flight is not enhanced.

------------------------------------------------------------------------------------------------------------------------

[2025-03-22 18:16:17 #1 store] 
Database 'C:\Users\ander\Downloads\3MarroiaFuncionalPorTerminar\3marroia25\erreserba_data.odb' is opened by 16892@LAPTOP-KQMM363R

[2025-03-22 18:16:17 #2 store] 
Configuration path: ?

[2025-03-22 18:16:17 #3 type] 
Type domain.ConcreteFlight is not enhanced.

[2025-03-22 18:16:17 #4 type] 
Type domain.Flight is not enhanced.

------------------------------------------------------------------------------------------------------------------------

[2025-03-22 18:22:24 #1 store] 
Database 'C:\Users\ander\Downloads\3MarroiaFuncionalPorTerminar\3marroia25\erreserba_data.odb' has been recovered (tr. 240-240)

[2025-03-22 18:22:24 #2 store] 
Database 'C:\Users\ander\Downloads\3MarroiaFuncionalPorTerminar\3marroia25\erreserba_data.odb' is opened by 33832@LAPTOP-KQMM363R

[2025-03-22 18:22:24 #3 store] 
Configuration path: ?

[2025-03-22 18:22:24 #4 type] 
Type domain.ConcreteFlight is not enhanced.

[2025-03-22 18:22:24 #5 type] 
Type domain.Flight is not enhanced.

------------------------------------------------------------------------------------------------------------------------

[2025-03-22 18:24:52 #1 store] 
Database 'C:\Users\ander\Downloads\3MarroiaFuncionalPorTerminar\3marroia25\erreserba_data.odb' has been recovered (tr. 241-241)

[2025-03-22 18:24:52 #2 store] 
Database 'C:\Users\ander\Downloads\3MarroiaFuncionalPorTerminar\3marroia25\erreserba_data.odb' is opened by 21028@LAPTOP-KQMM363R

[2025-03-22 18:24:52 #3 store] 
Configuration path: ?

[2025-03-22 18:24:52 #4 type] 
Type domain.ConcreteFlight is not enhanced.

[2025-03-22 18:24:52 #5 type] 
Type domain.Flight is not enhanced.

------------------------------------------------------------------------------------------------------------------------

[2025-03-22 18:47:23 #1 store] 
Database '/Users/arruti/eclipse-workspace/3marroia25-4 2.zip_expanded/3marroia25-4/marroia1/erreserba_data.odb' is opened by 2771@MacBook-Air-de-Benat.local

[2025-03-22 18:47:23 #2 store] 
Configuration path: ?

[2025-03-22 18:47:23 #3 type] 
Type domain.ConcreteFlight is not enhanced.

[2025-03-22 18:47:23 #4 type] 
Type domain.Flight is not enhanced.

------------------------------------------------------------------------------------------------------------------------

[2025-03-22 18:54:38 #1 store] 
Database '/Users/arruti/eclipse-workspace/3marroia25-4 2.zip_expanded/3marroia25-4/marroia1/erreserba_data.odb' has been recovered (tr. 242-242)

[2025-03-22 18:54:39 #2 store] 
Database '/Users/arruti/eclipse-workspace/3marroia25-4 2.zip_expanded/3marroia25-4/marroia1/erreserba_data.odb' is opened by 2899@MacBook-Air-de-Benat.local

[2025-03-22 18:54:39 #3 store] 
Configuration path: ?

[2025-03-22 18:54:39 #4 type] 
Type domain.ConcreteFlight is not enhanced.

[2025-03-22 18:54:39 #5 type] 
Type domain.Flight is not enhanced.

