------------------------------------------------------------------------------------------------------------------------

[2025-02-09 17:21:56 #1 store] 
Database 'C:\Users\ander\git\1Marroia25\erreserba_data.odb' is opened by 23284@LAPTOP-KQMM363R

[2025-02-09 17:21:56 #2 store] 
Configuration path: ?

[2025-02-09 17:21:56 #3 type] 
Type domain.ConcreteFlight is not enhanced.

[2025-02-09 17:21:56 #4 type] 
Type domain.Flight is not enhanced.

------------------------------------------------------------------------------------------------------------------------

[2025-02-09 17:28:43 #1 store] 
Database 'C:\Users\ander\git\1Marroia25\erreserba_data.odb' is opened by 18968@LAPTOP-KQMM363R

[2025-02-09 17:28:43 #2 store] 
Configuration path: ?

[2025-02-09 17:28:43 #3 type] 
Type domain.ConcreteFlight is not enhanced.

[2025-02-09 17:28:43 #4 type] 
Type domain.Flight is not enhanced.

------------------------------------------------------------------------------------------------------------------------

[2025-02-09 17:35:38 #1 store] 
Database 'C:\Users\ander\git\1Marroia25\erreserba_data.odb' is opened by 29312@LAPTOP-KQMM363R

[2025-02-09 17:35:38 #2 store] 
Configuration path: ?

[2025-02-09 17:35:38 #3 type] 
Type domain.ConcreteFlight is not enhanced.

[2025-02-09 17:35:38 #4 type] 
Type domain.Flight is not enhanced.

------------------------------------------------------------------------------------------------------------------------

[2025-02-09 17:43:24 #1 store] 
Database 'C:\Users\ander\git\1Marroia25\erreserba_data.odb' is opened by 10108@LAPTOP-KQMM363R

[2025-02-09 17:43:24 #2 store] 
Configuration path: ?

[2025-02-09 17:43:24 #3 type] 
Type domain.ConcreteFlight is not enhanced.

[2025-02-09 17:43:25 #4 type] 
Type domain.Flight is not enhanced.

------------------------------------------------------------------------------------------------------------------------

[2025-02-09 17:54:28 #1 store] 
Database 'C:\Users\ander\git\1Marroia25\erreserba_data.odb' is opened by 10960@LAPTOP-KQMM363R

[2025-02-09 17:54:28 #2 store] 
Configuration path: ?

[2025-02-09 17:54:28 #3 type] 
Type domain.ConcreteFlight is not enhanced.

[2025-02-09 17:54:28 #4 type] 
Type domain.Flight is not enhanced.

------------------------------------------------------------------------------------------------------------------------

[2025-02-09 17:57:05 #1 store] 
Database 'C:\Users\ander\git\1Marroia25\erreserba_data.odb' is opened by 14456@LAPTOP-KQMM363R

[2025-02-09 17:57:05 #2 store] 
Configuration path: ?

[2025-02-09 17:57:06 #3 type] 
Type domain.ConcreteFlight is not enhanced.

[2025-02-09 17:57:06 #4 type] 
Type domain.Flight is not enhanced.

------------------------------------------------------------------------------------------------------------------------

[2025-02-09 18:04:04 #1 store] 
Database 'C:\Users\ander\git\1Marroia25\erreserba_data.odb' is opened by 22864@LAPTOP-KQMM363R

[2025-02-09 18:04:04 #2 store] 
Configuration path: ?

[2025-02-09 18:04:04 #3 type] 
Type domain.ConcreteFlight is not enhanced.

[2025-02-09 18:04:05 #4 type] 
Type domain.Flight is not enhanced.

------------------------------------------------------------------------------------------------------------------------

[2025-02-09 18:04:45 #1 store] 
Database 'C:\Users\ander\git\1Marroia25\erreserba_data.odb' is opened by 24580@LAPTOP-KQMM363R

[2025-02-09 18:04:45 #2 store] 
Configuration path: ?

[2025-02-09 18:04:45 #3 type] 
Type domain.ConcreteFlight is not enhanced.

[2025-02-09 18:04:45 #4 type] 
Type domain.Flight is not enhanced.

------------------------------------------------------------------------------------------------------------------------

[2025-02-09 18:08:39 #1 store] 
Database 'C:\Users\ander\git\1Marroia25\erreserba_data.odb' is opened by 3192@LAPTOP-KQMM363R

[2025-02-09 18:08:39 #2 store] 
Configuration path: ?

[2025-02-09 18:08:39 #3 type] 
Type domain.ConcreteFlight is not enhanced.

[2025-02-09 18:08:40 #4 type] 
Type domain.Flight is not enhanced.

------------------------------------------------------------------------------------------------------------------------

[2025-02-09 18:09:54 #1 store] 
Database 'C:\Users\ander\git\1Marroia25\erreserba_data.odb' is opened by 28988@LAPTOP-KQMM363R

[2025-02-09 18:09:54 #2 store] 
Configuration path: ?

[2025-02-09 18:09:54 #3 type] 
Type domain.ConcreteFlight is not enhanced.

[2025-02-09 18:09:54 #4 type] 
Type domain.Flight is not enhanced.

