------------------------------------------------------------------------------------------------------------------------

[2025-02-08 19:08:26 #1 store] 
Database 'C:\Users\ander\git\1Marroia25\erreserba_data.odb' is opened by 20904@LAPTOP-KQMM363R

[2025-02-08 19:08:26 #2 store] 
Configuration path: ?

[2025-02-08 19:08:27 #3 type] 
Type domain.ConcreteFlight is not enhanced.

[2025-02-08 19:08:27 #4 type] 
Type domain.Flight is not enhanced.

------------------------------------------------------------------------------------------------------------------------

[2025-02-08 19:09:55 #1 store] 
Database 'C:\Users\ander\git\1Marroia25\erreserba_data.odb' is opened by 20156@LAPTOP-KQMM363R

[2025-02-08 19:09:55 #2 store] 
Configuration path: ?

[2025-02-08 19:09:55 #3 type] 
Type domain.ConcreteFlight is not enhanced.

[2025-02-08 19:09:55 #4 type] 
Type domain.Flight is not enhanced.

------------------------------------------------------------------------------------------------------------------------

[2025-02-08 19:10:47 #1 store] 
Database 'C:\Users\ander\git\1Marroia25\erreserba_data.odb' is opened by 17012@LAPTOP-KQMM363R

[2025-02-08 19:10:47 #2 store] 
Configuration path: ?

[2025-02-08 19:10:47 #3 type] 
Type domain.ConcreteFlight is not enhanced.

[2025-02-08 19:10:47 #4 type] 
Type domain.Flight is not enhanced.

------------------------------------------------------------------------------------------------------------------------

[2025-02-08 19:14:16 #1 store] 
Database 'C:\Users\ander\git\1Marroia25\erreserba_data.odb' is opened by 8792@LAPTOP-KQMM363R

[2025-02-08 19:14:16 #2 store] 
Configuration path: ?

[2025-02-08 19:14:17 #3 type] 
Type domain.ConcreteFlight is not enhanced.

[2025-02-08 19:14:17 #4 type] 
Type domain.Flight is not enhanced.

------------------------------------------------------------------------------------------------------------------------

[2025-02-08 19:14:29 #1 store] 
Database 'C:\Users\ander\git\1Marroia25\erreserba_data.odb' is opened by 19656@LAPTOP-KQMM363R

[2025-02-08 19:14:29 #2 store] 
Configuration path: ?

[2025-02-08 19:14:29 #3 type] 
Type domain.ConcreteFlight is not enhanced.

[2025-02-08 19:14:29 #4 type] 
Type domain.Flight is not enhanced.

------------------------------------------------------------------------------------------------------------------------

[2025-02-08 19:15:34 #1 store] 
Database 'C:\Users\ander\git\1Marroia25\erreserba_data.odb' is opened by 7588@LAPTOP-KQMM363R

[2025-02-08 19:15:34 #2 store] 
Configuration path: ?

[2025-02-08 19:15:34 #3 type] 
Type domain.ConcreteFlight is not enhanced.

[2025-02-08 19:15:34 #4 type] 
Type domain.Flight is not enhanced.

------------------------------------------------------------------------------------------------------------------------

[2025-02-08 19:15:46 #1 store] 
Database 'C:\Users\ander\git\1Marroia25\erreserba_data.odb' is opened by 27616@LAPTOP-KQMM363R

[2025-02-08 19:15:46 #2 store] 
Configuration path: ?

[2025-02-08 19:15:46 #3 type] 
Type domain.ConcreteFlight is not enhanced.

[2025-02-08 19:15:46 #4 type] 
Type domain.Flight is not enhanced.

------------------------------------------------------------------------------------------------------------------------

[2025-02-08 19:16:48 #1 store] 
Database 'C:\Users\ander\git\1Marroia25\erreserba_data.odb' is opened by 1584@LAPTOP-KQMM363R

[2025-02-08 19:16:48 #2 store] 
Configuration path: ?

[2025-02-08 19:16:48 #3 type] 
Type domain.ConcreteFlight is not enhanced.

[2025-02-08 19:16:48 #4 type] 
Type domain.Flight is not enhanced.

------------------------------------------------------------------------------------------------------------------------

[2025-02-08 19:27:54 #1 store] 
Database 'C:\Users\ander\git\1Marroia25\erreserba_data.odb' is opened by 14832@LAPTOP-KQMM363R

[2025-02-08 19:27:54 #2 store] 
Configuration path: ?

[2025-02-08 19:27:54 #3 type] 
Type domain.ConcreteFlight is not enhanced.

[2025-02-08 19:27:54 #4 type] 
Type domain.Flight is not enhanced.

------------------------------------------------------------------------------------------------------------------------

[2025-02-08 19:31:43 #1 store] 
Database 'C:\Users\ander\git\1Marroia25\erreserba_data.odb' is opened by 29260@LAPTOP-KQMM363R

[2025-02-08 19:31:43 #2 store] 
Configuration path: ?

[2025-02-08 19:31:43 #3 type] 
Type domain.ConcreteFlight is not enhanced.

[2025-02-08 19:31:43 #4 type] 
Type domain.Flight is not enhanced.

------------------------------------------------------------------------------------------------------------------------

[2025-02-08 19:33:54 #1 store] 
Database 'C:\Users\ander\git\1Marroia25\erreserba_data.odb' has been recovered (tr. 11-11)

[2025-02-08 19:33:54 #2 store] 
Database 'C:\Users\ander\git\1Marroia25\erreserba_data.odb' is opened by 28900@LAPTOP-KQMM363R

[2025-02-08 19:33:54 #3 store] 
Configuration path: ?

[2025-02-08 19:33:54 #4 type] 
Type domain.ConcreteFlight is not enhanced.

[2025-02-08 19:33:55 #5 type] 
Type domain.Flight is not enhanced.

------------------------------------------------------------------------------------------------------------------------

[2025-02-08 19:34:58 #1 store] 
Database 'C:\Users\ander\git\1Marroia25\erreserba_data.odb' is opened by 12676@LAPTOP-KQMM363R

[2025-02-08 19:34:58 #2 store] 
Configuration path: ?

[2025-02-08 19:34:58 #3 type] 
Type domain.ConcreteFlight is not enhanced.

[2025-02-08 19:34:58 #4 type] 
Type domain.Flight is not enhanced.

------------------------------------------------------------------------------------------------------------------------

[2025-02-08 19:36:10 #1 store] 
Database 'C:\Users\ander\git\1Marroia25\erreserba_data.odb' is opened by 22460@LAPTOP-KQMM363R

[2025-02-08 19:36:10 #2 store] 
Configuration path: ?

[2025-02-08 19:36:10 #3 type] 
Type domain.ConcreteFlight is not enhanced.

[2025-02-08 19:36:10 #4 type] 
Type domain.Flight is not enhanced.

------------------------------------------------------------------------------------------------------------------------

[2025-02-08 19:38:31 #1 store] 
Database 'C:\Users\ander\git\1Marroia25\erreserba_data.odb' is opened by 23600@LAPTOP-KQMM363R

[2025-02-08 19:38:31 #2 store] 
Configuration path: ?

[2025-02-08 19:38:31 #3 type] 
Type domain.ConcreteFlight is not enhanced.

[2025-02-08 19:38:31 #4 type] 
Type domain.Flight is not enhanced.

------------------------------------------------------------------------------------------------------------------------

[2025-02-08 19:41:44 #1 store] 
Database 'C:\Users\ander\git\1Marroia25\erreserba_data.odb' is opened by 23876@LAPTOP-KQMM363R

[2025-02-08 19:41:44 #2 store] 
Configuration path: ?

[2025-02-08 19:41:44 #3 type] 
Type domain.ConcreteFlight is not enhanced.

[2025-02-08 19:41:44 #4 type] 
Type domain.Flight is not enhanced.

------------------------------------------------------------------------------------------------------------------------

[2025-02-08 19:46:16 #1 store] 
Database 'C:\Users\ander\git\1Marroia25\erreserba_data.odb' is opened by 15468@LAPTOP-KQMM363R

[2025-02-08 19:46:16 #2 store] 
Configuration path: ?

[2025-02-08 19:46:16 #3 type] 
Type domain.ConcreteFlight is not enhanced.

[2025-02-08 19:46:16 #4 type] 
Type domain.Flight is not enhanced.

------------------------------------------------------------------------------------------------------------------------

[2025-02-08 19:51:54 #1 store] 
Database 'C:\Users\ander\git\1Marroia25\erreserba_data.odb' is opened by 12660@LAPTOP-KQMM363R

[2025-02-08 19:51:54 #2 store] 
Configuration path: ?

[2025-02-08 19:51:54 #3 type] 
Type domain.ConcreteFlight is not enhanced.

[2025-02-08 19:51:54 #4 type] 
Type domain.Flight is not enhanced.

------------------------------------------------------------------------------------------------------------------------

[2025-02-08 19:52:37 #1 store] 
Database 'C:\Users\ander\git\1Marroia25\erreserba_data.odb' is opened by 8588@LAPTOP-KQMM363R

[2025-02-08 19:52:37 #2 store] 
Configuration path: ?

[2025-02-08 19:52:37 #3 type] 
Type domain.ConcreteFlight is not enhanced.

[2025-02-08 19:52:37 #4 type] 
Type domain.Flight is not enhanced.

------------------------------------------------------------------------------------------------------------------------

[2025-02-08 19:53:25 #1 store] 
Database 'C:\Users\ander\git\1Marroia25\erreserba_data.odb' is opened by 13536@LAPTOP-KQMM363R

[2025-02-08 19:53:25 #2 store] 
Configuration path: ?

[2025-02-08 19:53:25 #3 type] 
Type domain.ConcreteFlight is not enhanced.

[2025-02-08 19:53:25 #4 type] 
Type domain.Flight is not enhanced.

------------------------------------------------------------------------------------------------------------------------

[2025-02-08 19:55:55 #1 store] 
Database 'C:\Users\ander\git\1Marroia25\erreserba_data.odb' is opened by 25760@LAPTOP-KQMM363R

[2025-02-08 19:55:55 #2 store] 
Configuration path: ?

[2025-02-08 19:55:56 #3 type] 
Type domain.ConcreteFlight is not enhanced.

[2025-02-08 19:55:56 #4 type] 
Type domain.Flight is not enhanced.

------------------------------------------------------------------------------------------------------------------------

[2025-02-08 20:12:18 #1 store] 
Database 'C:\Users\ander\git\1Marroia25\erreserba_data.odb' is opened by 28804@LAPTOP-KQMM363R

[2025-02-08 20:12:18 #2 store] 
Configuration path: ?

[2025-02-08 20:12:18 #3 type] 
Type domain.ConcreteFlight is not enhanced.

[2025-02-08 20:12:18 #4 type] 
Type domain.Flight is not enhanced.

------------------------------------------------------------------------------------------------------------------------

[2025-02-08 20:16:00 #1 store] 
Database 'C:\Users\ander\git\1Marroia25\erreserba_data.odb' is opened by 14384@LAPTOP-KQMM363R

[2025-02-08 20:16:00 #2 store] 
Configuration path: ?

[2025-02-08 20:16:00 #3 type] 
Type domain.ConcreteFlight is not enhanced.

[2025-02-08 20:16:00 #4 type] 
Type domain.Flight is not enhanced.

