------------------------------------------------------------------------------------------------------------------------

[2025-03-21 11:50:41 #1 store] 
Database '/Users/arruti/eclipse-workspace/2marroia25.zip_expanded/2marroia25/erreserba_data.odb' is opened by 8280@MacBook-Air-de-Benat.local

[2025-03-21 11:50:41 #2 store] 
Configuration path: ?

[2025-03-21 11:50:41 #3 type] 
Type domain.ConcreteFlight is not enhanced.

[2025-03-21 11:50:41 #4 type] 
Type domain.Flight is not enhanced.

------------------------------------------------------------------------------------------------------------------------

[2025-03-21 11:51:06 #1 store] 
Database '/Users/arruti/eclipse-workspace/2marroia25.zip_expanded/2marroia25/erreserba_data.odb' is opened by 8285@MacBook-Air-de-Benat.local

[2025-03-21 11:51:06 #2 store] 
Configuration path: ?

[2025-03-21 11:51:06 #3 type] 
Type domain.ConcreteFlight is not enhanced.

[2025-03-21 11:51:06 #4 type] 
Type domain.Flight is not enhanced.

------------------------------------------------------------------------------------------------------------------------

[2025-03-21 12:00:36 #1 store] 
Database '/Users/arruti/eclipse-workspace/2marroia25.zip_expanded/2marroia25/erreserba_data.odb' is opened by 8453@MacBook-Air-de-Benat.local

[2025-03-21 12:00:36 #2 store] 
Configuration path: ?

[2025-03-21 12:00:36 #3 type] 
Type domain.ConcreteFlight is not enhanced.

[2025-03-21 12:00:36 #4 type] 
Type domain.Flight is not enhanced.

------------------------------------------------------------------------------------------------------------------------

[2025-03-21 12:44:46 #1 store] 
Database 'C:\Users\ander\Downloads\3MarroiaGUIFuncional\3marroia25\erreserba_data.odb' is opened by 27612@LAPTOP-KQMM363R

[2025-03-21 12:44:46 #2 store] 
Configuration path: ?

[2025-03-21 12:44:46 #3 type] 
Type domain.ConcreteFlight is not enhanced.

[2025-03-21 12:44:46 #4 type] 
Type domain.Flight is not enhanced.

------------------------------------------------------------------------------------------------------------------------

[2025-03-21 20:08:57 #1 store] 
Database 'C:\Users\ander\Downloads\3MarroiaGUIFuncional\3marroia25\erreserba_data.odb' is opened by 28984@LAPTOP-KQMM363R

[2025-03-21 20:08:57 #2 store] 
Configuration path: ?

[2025-03-21 20:08:57 #3 type] 
Type domain.ConcreteFlight is not enhanced.

[2025-03-21 20:08:57 #4 type] 
Type domain.Flight is not enhanced.

------------------------------------------------------------------------------------------------------------------------

[2025-03-21 20:19:27 #1 store] 
Database 'C:\Users\ander\Downloads\3MarroiaGUIFuncional\3marroia25\erreserba_data.odb' has been recovered (tr. 169-169)

[2025-03-21 20:19:27 #2 store] 
Database 'C:\Users\ander\Downloads\3MarroiaGUIFuncional\3marroia25\erreserba_data.odb' is opened by 10464@LAPTOP-KQMM363R

[2025-03-21 20:19:27 #3 store] 
Configuration path: ?

[2025-03-21 20:19:27 #4 type] 
Type domain.ConcreteFlight is not enhanced.

[2025-03-21 20:19:27 #5 type] 
Type domain.Flight is not enhanced.

------------------------------------------------------------------------------------------------------------------------

[2025-03-21 20:19:51 #1 store] 
Database 'C:\Users\ander\Downloads\3MarroiaGUIFuncional\3marroia25\erreserba_data.odb' has been recovered (tr. 170-170)

[2025-03-21 20:19:51 #2 store] 
Database 'C:\Users\ander\Downloads\3MarroiaGUIFuncional\3marroia25\erreserba_data.odb' is opened by 2368@LAPTOP-KQMM363R

[2025-03-21 20:19:51 #3 store] 
Configuration path: ?

[2025-03-21 20:19:51 #4 type] 
Type domain.ConcreteFlight is not enhanced.

[2025-03-21 20:19:51 #5 type] 
Type domain.Flight is not enhanced.

------------------------------------------------------------------------------------------------------------------------

[2025-03-21 21:19:41 #1 store] 
Database 'C:\Users\ander\Downloads\3MarroiaGUIFuncional\3marroia25\erreserba_data.odb' is opened by 13652@LAPTOP-KQMM363R

[2025-03-21 21:19:41 #2 store] 
Configuration path: ?

[2025-03-21 21:19:41 #3 type] 
Type domain.ConcreteFlight is not enhanced.

[2025-03-21 21:19:41 #4 type] 
Type domain.Flight is not enhanced.

