------------------------------------------------------------------------------------------------------------------------

[2025-02-11 17:01:25 #1 store] 
Database 'C:\Users\ander\git\1Marroia25\erreserba_data.odb' has been recovered (tr. 15-15)

[2025-02-11 17:01:26 #2 store] 
Database 'C:\Users\ander\git\1Marroia25\erreserba_data.odb' is opened by 12772@LAPTOP-KQMM363R

[2025-02-11 17:01:26 #3 store] 
Configuration path: ?

[2025-02-11 17:01:26 #4 type] 
Type domain.ConcreteFlight is not enhanced.

[2025-02-11 17:01:26 #5 type] 
Type domain.Flight is not enhanced.

------------------------------------------------------------------------------------------------------------------------

[2025-02-11 17:01:41 #1 store] 
Database 'C:\Users\ander\git\1Marroia25\erreserba_data.odb' has been recovered (tr. 16-17)

[2025-02-11 17:01:41 #2 store] 
Database 'C:\Users\ander\git\1Marroia25\erreserba_data.odb' is opened by 31656@LAPTOP-KQMM363R

[2025-02-11 17:01:41 #3 store] 
Configuration path: ?

[2025-02-11 17:01:41 #4 type] 
Type domain.ConcreteFlight is not enhanced.

[2025-02-11 17:01:41 #5 type] 
Type domain.Flight is not enhanced.

------------------------------------------------------------------------------------------------------------------------

[2025-02-11 17:02:25 #1 store] 
Database 'C:\Users\ander\git\1Marroia25\erreserba_data.odb' is opened by 19448@LAPTOP-KQMM363R

[2025-02-11 17:02:25 #2 store] 
Configuration path: ?

[2025-02-11 17:02:25 #3 type] 
Type domain.ConcreteFlight is not enhanced.

[2025-02-11 17:02:25 #4 type] 
Type domain.Flight is not enhanced.

------------------------------------------------------------------------------------------------------------------------

[2025-02-11 17:02:44 #1 store] 
Database 'C:\Users\ander\git\1Marroia25\erreserba_data.odb' is opened by 16540@LAPTOP-KQMM363R

[2025-02-11 17:02:44 #2 store] 
Configuration path: ?

[2025-02-11 17:02:44 #3 type] 
Type domain.ConcreteFlight is not enhanced.

[2025-02-11 17:02:44 #4 type] 
Type domain.Flight is not enhanced.

------------------------------------------------------------------------------------------------------------------------

[2025-02-11 17:03:09 #1 store] 
Database 'C:\Users\ander\git\1Marroia25\erreserba_data.odb' is opened by 24260@LAPTOP-KQMM363R

[2025-02-11 17:03:09 #2 store] 
Configuration path: ?

[2025-02-11 17:03:09 #3 type] 
Type domain.ConcreteFlight is not enhanced.

[2025-02-11 17:03:09 #4 type] 
Type domain.Flight is not enhanced.

------------------------------------------------------------------------------------------------------------------------

[2025-02-11 17:03:23 #1 store] 
Database 'C:\Users\ander\git\1Marroia25\erreserba_data.odb' has been recovered (tr. 18-22)

[2025-02-11 17:03:23 #2 store] 
Database 'C:\Users\ander\git\1Marroia25\erreserba_data.odb' is opened by 22684@LAPTOP-KQMM363R

[2025-02-11 17:03:23 #3 store] 
Configuration path: ?

[2025-02-11 17:03:23 #4 type] 
Type domain.ConcreteFlight is not enhanced.

[2025-02-11 17:03:23 #5 type] 
Type domain.Flight is not enhanced.

------------------------------------------------------------------------------------------------------------------------

[2025-02-11 17:03:47 #1 store] 
Database 'C:\Users\ander\git\1Marroia25\erreserba_data.odb' is opened by 17376@LAPTOP-KQMM363R

[2025-02-11 17:03:47 #2 store] 
Configuration path: ?

[2025-02-11 17:03:48 #3 type] 
Type domain.ConcreteFlight is not enhanced.

[2025-02-11 17:03:48 #4 type] 
Type domain.Flight is not enhanced.

------------------------------------------------------------------------------------------------------------------------

[2025-02-11 17:04:02 #1 store] 
Database 'C:\Users\ander\git\1Marroia25\erreserba_data.odb' is opened by 29328@LAPTOP-KQMM363R

[2025-02-11 17:04:02 #2 store] 
Configuration path: ?

[2025-02-11 17:04:02 #3 type] 
Type domain.ConcreteFlight is not enhanced.

[2025-02-11 17:04:02 #4 type] 
Type domain.Flight is not enhanced.

------------------------------------------------------------------------------------------------------------------------

[2025-02-11 17:08:29 #1 store] 
Database 'C:\Users\ander\git\1Marroia25\erreserba_data.odb' is opened by 7412@LAPTOP-KQMM363R

[2025-02-11 17:08:29 #2 store] 
Configuration path: ?

[2025-02-11 17:08:30 #3 type] 
Type domain.ConcreteFlight is not enhanced.

[2025-02-11 17:08:30 #4 type] 
Type domain.Flight is not enhanced.

------------------------------------------------------------------------------------------------------------------------

[2025-02-11 17:10:31 #1 store] 
Database 'C:\Users\ander\git\1Marroia25\erreserba_data.odb' is opened by 17492@LAPTOP-KQMM363R

[2025-02-11 17:10:31 #2 store] 
Configuration path: ?

[2025-02-11 17:10:31 #3 type] 
Type domain.ConcreteFlight is not enhanced.

[2025-02-11 17:10:31 #4 type] 
Type domain.Flight is not enhanced.

[2025-02-11 17:10:33 #5 store] 
Database 'C:\Users\ander\git\1Marroia25\erreserba_data.odb' is closed by 17492@LAPTOP-KQMM363R

------------------------------------------------------------------------------------------------------------------------

[2025-02-11 17:10:38 #1 store] 
Database 'C:\Users\ander\git\1Marroia25\erreserba_data.odb' is opened by 19280@LAPTOP-KQMM363R

[2025-02-11 17:10:38 #2 store] 
Configuration path: ?

[2025-02-11 17:10:39 #3 type] 
Type domain.ConcreteFlight is not enhanced.

[2025-02-11 17:10:39 #4 type] 
Type domain.Flight is not enhanced.

[2025-02-11 17:10:45 #5 store] 
Database 'C:\Users\ander\git\1Marroia25\erreserba_data.odb' is closed by 19280@LAPTOP-KQMM363R

------------------------------------------------------------------------------------------------------------------------

[2025-02-11 17:10:59 #1 store] 
Database 'C:\Users\ander\git\1Marroia25\erreserba_data.odb' is opened by 9264@LAPTOP-KQMM363R

[2025-02-11 17:10:59 #2 store] 
Configuration path: ?

[2025-02-11 17:10:59 #3 type] 
Type domain.ConcreteFlight is not enhanced.

[2025-02-11 17:10:59 #4 type] 
Type domain.Flight is not enhanced.

[2025-02-11 17:11:02 #5 store] 
Database 'C:\Users\ander\git\1Marroia25\erreserba_data.odb' is closed by 9264@LAPTOP-KQMM363R

------------------------------------------------------------------------------------------------------------------------

[2025-02-11 17:14:05 #1 store] 
Database 'C:\Users\ander\git\1Marroia25\erreserba_data.odb' is opened by 17144@LAPTOP-KQMM363R

[2025-02-11 17:14:05 #2 store] 
Configuration path: ?

[2025-02-11 17:14:05 #3 type] 
Type domain.ConcreteFlight is not enhanced.

[2025-02-11 17:14:06 #4 type] 
Type domain.Flight is not enhanced.

[2025-02-11 17:14:18 #5 store] 
Database 'C:\Users\ander\git\1Marroia25\erreserba_data.odb' is closed by 17144@LAPTOP-KQMM363R

------------------------------------------------------------------------------------------------------------------------

[2025-02-11 17:15:13 #1 store] 
Database 'C:\Users\ander\git\1Marroia25\erreserba_data.odb' is opened by 26092@LAPTOP-KQMM363R

[2025-02-11 17:15:13 #2 store] 
Configuration path: ?

[2025-02-11 17:15:13 #3 type] 
Type domain.ConcreteFlight is not enhanced.

[2025-02-11 17:15:13 #4 type] 
Type domain.Flight is not enhanced.

[2025-02-11 17:15:14 #5 store] 
Database 'C:\Users\ander\git\1Marroia25\erreserba_data.odb' is closed by 26092@LAPTOP-KQMM363R

------------------------------------------------------------------------------------------------------------------------

[2025-02-11 17:15:27 #1 store] 
Database 'C:\Users\ander\git\1Marroia25\erreserba_data.odb' is opened by 6236@LAPTOP-KQMM363R

[2025-02-11 17:15:27 #2 store] 
Configuration path: ?

[2025-02-11 17:15:27 #3 type] 
Type domain.ConcreteFlight is not enhanced.

[2025-02-11 17:15:27 #4 type] 
Type domain.Flight is not enhanced.

[2025-02-11 17:15:36 #5 store] 
Database 'C:\Users\ander\git\1Marroia25\erreserba_data.odb' is closed by 6236@LAPTOP-KQMM363R

------------------------------------------------------------------------------------------------------------------------

[2025-02-11 17:15:38 #1 store] 
Database 'C:\Users\ander\git\1Marroia25\erreserba_data.odb' is opened by 17464@LAPTOP-KQMM363R

[2025-02-11 17:15:38 #2 store] 
Configuration path: ?

[2025-02-11 17:15:38 #3 type] 
Type domain.ConcreteFlight is not enhanced.

[2025-02-11 17:15:38 #4 type] 
Type domain.Flight is not enhanced.

[2025-02-11 17:15:43 #5 store] 
Database 'C:\Users\ander\git\1Marroia25\erreserba_data.odb' is closed by 17464@LAPTOP-KQMM363R

------------------------------------------------------------------------------------------------------------------------

[2025-02-11 17:19:22 #1 store] 
Database 'C:\Users\ander\git\1Marroia25\erreserba_data.odb' is opened by 16532@LAPTOP-KQMM363R

[2025-02-11 17:19:22 #2 store] 
Configuration path: ?

[2025-02-11 17:19:22 #3 type] 
Type domain.ConcreteFlight is not enhanced.

[2025-02-11 17:19:22 #4 type] 
Type domain.Flight is not enhanced.

[2025-02-11 17:21:43 #5 store] 
Database 'C:\Users\ander\git\1Marroia25\erreserba_data.odb' is closed by 16532@LAPTOP-KQMM363R

------------------------------------------------------------------------------------------------------------------------

[2025-02-11 17:21:45 #1 store] 
Database 'C:\Users\ander\git\1Marroia25\erreserba_data.odb' is opened by 16620@LAPTOP-KQMM363R

[2025-02-11 17:21:45 #2 store] 
Configuration path: ?

[2025-02-11 17:21:45 #3 type] 
Type domain.ConcreteFlight is not enhanced.

[2025-02-11 17:21:45 #4 type] 
Type domain.Flight is not enhanced.

[2025-02-11 17:21:57 #5 store] 
Database 'C:\Users\ander\git\1Marroia25\erreserba_data.odb' is closed by 16620@LAPTOP-KQMM363R

------------------------------------------------------------------------------------------------------------------------

[2025-02-11 17:22:06 #1 store] 
Database 'C:\Users\ander\git\1Marroia25\erreserba_data.odb' is opened by 29124@LAPTOP-KQMM363R

[2025-02-11 17:22:06 #2 store] 
Configuration path: ?

[2025-02-11 17:22:06 #3 type] 
Type domain.ConcreteFlight is not enhanced.

[2025-02-11 17:22:06 #4 type] 
Type domain.Flight is not enhanced.

[2025-02-11 17:23:03 #5 store] 
Database 'C:\Users\ander\git\1Marroia25\erreserba_data.odb' is closed by 29124@LAPTOP-KQMM363R

------------------------------------------------------------------------------------------------------------------------

[2025-02-11 17:23:05 #1 store] 
Database 'C:\Users\ander\git\1Marroia25\erreserba_data.odb' is opened by 25680@LAPTOP-KQMM363R

[2025-02-11 17:23:05 #2 store] 
Configuration path: ?

[2025-02-11 17:23:05 #3 type] 
Type domain.ConcreteFlight is not enhanced.

[2025-02-11 17:23:05 #4 type] 
Type domain.Flight is not enhanced.

[2025-02-11 17:23:18 #5 store] 
Database 'C:\Users\ander\git\1Marroia25\erreserba_data.odb' is closed by 25680@LAPTOP-KQMM363R

------------------------------------------------------------------------------------------------------------------------

[2025-02-11 17:23:20 #1 store] 
Database 'C:\Users\ander\git\1Marroia25\erreserba_data.odb' is opened by 30284@LAPTOP-KQMM363R

[2025-02-11 17:23:20 #2 store] 
Configuration path: ?

[2025-02-11 17:23:20 #3 type] 
Type domain.ConcreteFlight is not enhanced.

[2025-02-11 17:23:20 #4 type] 
Type domain.Flight is not enhanced.

[2025-02-11 17:24:18 #5 store] 
Database 'C:\Users\ander\git\1Marroia25\erreserba_data.odb' is closed by 30284@LAPTOP-KQMM363R

------------------------------------------------------------------------------------------------------------------------

[2025-02-11 17:46:15 #1 store] 
Database 'C:\Users\ander\git\1Marroia25\erreserba_data.odb' is opened by 31036@LAPTOP-KQMM363R

[2025-02-11 17:46:15 #2 store] 
Configuration path: ?

[2025-02-11 17:46:15 #3 type] 
Type domain.ConcreteFlight is not enhanced.

[2025-02-11 17:46:15 #4 type] 
Type domain.Flight is not enhanced.

[2025-02-11 17:46:21 #5 store] 
Database 'C:\Users\ander\git\1Marroia25\erreserba_data.odb' is closed by 31036@LAPTOP-KQMM363R

------------------------------------------------------------------------------------------------------------------------

[2025-02-11 17:46:24 #1 store] 
Database 'C:\Users\ander\git\1Marroia25\erreserba_data.odb' is opened by 9260@LAPTOP-KQMM363R

[2025-02-11 17:46:24 #2 store] 
Configuration path: ?

[2025-02-11 17:46:24 #3 type] 
Type domain.ConcreteFlight is not enhanced.

[2025-02-11 17:46:24 #4 type] 
Type domain.Flight is not enhanced.

[2025-02-11 17:46:31 #5 store] 
Database 'C:\Users\ander\git\1Marroia25\erreserba_data.odb' is closed by 9260@LAPTOP-KQMM363R

------------------------------------------------------------------------------------------------------------------------

[2025-02-11 17:46:33 #1 store] 
Database 'C:\Users\ander\git\1Marroia25\erreserba_data.odb' is opened by 9932@LAPTOP-KQMM363R

[2025-02-11 17:46:33 #2 store] 
Configuration path: ?

[2025-02-11 17:46:33 #3 type] 
Type domain.ConcreteFlight is not enhanced.

[2025-02-11 17:46:33 #4 type] 
Type domain.Flight is not enhanced.

[2025-02-11 17:46:49 #5 store] 
Database 'C:\Users\ander\git\1Marroia25\erreserba_data.odb' is closed by 9932@LAPTOP-KQMM363R

------------------------------------------------------------------------------------------------------------------------

[2025-02-11 17:49:48 #1 store] 
Database 'C:\Users\ander\git\1Marroia25\erreserba_data.odb' is opened by 2628@LAPTOP-KQMM363R

[2025-02-11 17:49:48 #2 store] 
Configuration path: ?

[2025-02-11 17:49:48 #3 type] 
Type domain.ConcreteFlight is not enhanced.

[2025-02-11 17:49:48 #4 type] 
Type domain.Flight is not enhanced.

[2025-02-11 17:49:54 #5 store] 
Database 'C:\Users\ander\git\1Marroia25\erreserba_data.odb' is closed by 2628@LAPTOP-KQMM363R

------------------------------------------------------------------------------------------------------------------------

[2025-02-11 17:49:57 #1 store] 
Database 'C:\Users\ander\git\1Marroia25\erreserba_data.odb' is opened by 26244@LAPTOP-KQMM363R

[2025-02-11 17:49:57 #2 store] 
Configuration path: ?

[2025-02-11 17:49:57 #3 type] 
Type domain.ConcreteFlight is not enhanced.

[2025-02-11 17:49:57 #4 type] 
Type domain.Flight is not enhanced.

[2025-02-11 17:50:04 #5 store] 
Database 'C:\Users\ander\git\1Marroia25\erreserba_data.odb' is closed by 26244@LAPTOP-KQMM363R

------------------------------------------------------------------------------------------------------------------------

[2025-02-11 17:54:11 #1 store] 
Database 'C:\Users\ander\git\1Marroia25\erreserba_data.odb' is opened by 17916@LAPTOP-KQMM363R

[2025-02-11 17:54:11 #2 store] 
Configuration path: ?

[2025-02-11 17:54:11 #3 type] 
Type domain.ConcreteFlight is not enhanced.

[2025-02-11 17:54:11 #4 type] 
Type domain.Flight is not enhanced.

[2025-02-11 17:54:15 #5 store] 
Database 'C:\Users\ander\git\1Marroia25\erreserba_data.odb' is closed by 17916@LAPTOP-KQMM363R

------------------------------------------------------------------------------------------------------------------------

[2025-02-11 17:54:17 #1 store] 
Database 'C:\Users\ander\git\1Marroia25\erreserba_data.odb' is opened by 19656@LAPTOP-KQMM363R

[2025-02-11 17:54:17 #2 store] 
Configuration path: ?

[2025-02-11 17:54:17 #3 type] 
Type domain.ConcreteFlight is not enhanced.

[2025-02-11 17:54:17 #4 type] 
Type domain.Flight is not enhanced.

[2025-02-11 17:56:06 #5 store] 
Database 'C:\Users\ander\git\1Marroia25\erreserba_data.odb' is closed by 19656@LAPTOP-KQMM363R

------------------------------------------------------------------------------------------------------------------------

[2025-02-11 17:58:56 #1 store] 
Database 'C:\Users\ander\git\1Marroia25\erreserba_data.odb' is opened by 20388@LAPTOP-KQMM363R

[2025-02-11 17:58:56 #2 store] 
Configuration path: ?

[2025-02-11 17:58:56 #3 type] 
Type domain.ConcreteFlight is not enhanced.

[2025-02-11 17:58:56 #4 type] 
Type domain.Flight is not enhanced.

------------------------------------------------------------------------------------------------------------------------

[2025-02-11 18:00:12 #1 store] 
Database 'C:\Users\ander\git\1Marroia25\erreserba_data.odb' is opened by 13948@LAPTOP-KQMM363R

[2025-02-11 18:00:12 #2 store] 
Configuration path: ?

[2025-02-11 18:00:12 #3 type] 
Type domain.ConcreteFlight is not enhanced.

[2025-02-11 18:00:12 #4 type] 
Type domain.Flight is not enhanced.

------------------------------------------------------------------------------------------------------------------------

[2025-02-11 18:01:17 #1 store] 
Database 'C:\Users\ander\git\1Marroia25\erreserba_data.odb' is opened by 4060@LAPTOP-KQMM363R

[2025-02-11 18:01:17 #2 store] 
Configuration path: ?

[2025-02-11 18:01:17 #3 type] 
Type domain.ConcreteFlight is not enhanced.

[2025-02-11 18:01:18 #4 type] 
Type domain.Flight is not enhanced.

------------------------------------------------------------------------------------------------------------------------

[2025-02-11 18:06:03 #1 store] 
Database 'C:\Users\ander\git\1Marroia25\erreserba_data.odb' is opened by 16400@LAPTOP-KQMM363R

[2025-02-11 18:06:03 #2 store] 
Configuration path: ?

[2025-02-11 18:06:03 #3 type] 
Type domain.ConcreteFlight is not enhanced.

[2025-02-11 18:06:03 #4 type] 
Type domain.Flight is not enhanced.

[2025-02-11 18:06:20 #5 store] 
Database 'C:\Users\ander\git\1Marroia25\erreserba_data.odb' is closed by 16400@LAPTOP-KQMM363R

------------------------------------------------------------------------------------------------------------------------

[2025-02-11 18:06:22 #1 store] 
Database 'C:\Users\ander\git\1Marroia25\erreserba_data.odb' is opened by 9760@LAPTOP-KQMM363R

[2025-02-11 18:06:22 #2 store] 
Configuration path: ?

[2025-02-11 18:06:22 #3 type] 
Type domain.ConcreteFlight is not enhanced.

[2025-02-11 18:06:22 #4 type] 
Type domain.Flight is not enhanced.

[2025-02-11 18:06:28 #5 store] 
Database 'C:\Users\ander\git\1Marroia25\erreserba_data.odb' is closed by 9760@LAPTOP-KQMM363R

------------------------------------------------------------------------------------------------------------------------

[2025-02-11 18:07:17 #1 store] 
Database 'C:\Users\ander\git\1Marroia25\erreserba_data.odb' is opened by 14956@LAPTOP-KQMM363R

[2025-02-11 18:07:17 #2 store] 
Configuration path: ?

[2025-02-11 18:07:17 #3 type] 
Type domain.ConcreteFlight is not enhanced.

[2025-02-11 18:07:17 #4 type] 
Type domain.Flight is not enhanced.

------------------------------------------------------------------------------------------------------------------------

[2025-02-11 18:11:13 #1 store] 
Database 'C:\Users\ander\git\1Marroia25\erreserba_data.odb' is opened by 27904@LAPTOP-KQMM363R

[2025-02-11 18:11:13 #2 store] 
Configuration path: ?

[2025-02-11 18:11:13 #3 type] 
Type domain.ConcreteFlight is not enhanced.

[2025-02-11 18:11:13 #4 type] 
Type domain.Flight is not enhanced.

[2025-02-11 18:11:22 #5 store] 
Database 'C:\Users\ander\git\1Marroia25\erreserba_data.odb' is closed by 27904@LAPTOP-KQMM363R

------------------------------------------------------------------------------------------------------------------------

[2025-02-11 18:11:24 #1 store] 
Database 'C:\Users\ander\git\1Marroia25\erreserba_data.odb' is opened by 6548@LAPTOP-KQMM363R

[2025-02-11 18:11:24 #2 store] 
Configuration path: ?

[2025-02-11 18:11:24 #3 type] 
Type domain.ConcreteFlight is not enhanced.

[2025-02-11 18:11:24 #4 type] 
Type domain.Flight is not enhanced.

[2025-02-11 18:11:27 #5 store] 
Database 'C:\Users\ander\git\1Marroia25\erreserba_data.odb' is closed by 6548@LAPTOP-KQMM363R

------------------------------------------------------------------------------------------------------------------------

[2025-02-11 18:13:57 #1 store] 
Database 'C:\Users\ander\git\1Marroia25\erreserba_data.odb' is opened by 17952@LAPTOP-KQMM363R

[2025-02-11 18:13:57 #2 store] 
Configuration path: ?

[2025-02-11 18:13:57 #3 type] 
Type domain.ConcreteFlight is not enhanced.

[2025-02-11 18:13:57 #4 type] 
Type domain.Flight is not enhanced.

[2025-02-11 18:14:11 #5 store] 
Database 'C:\Users\ander\git\1Marroia25\erreserba_data.odb' is closed by 17952@LAPTOP-KQMM363R

------------------------------------------------------------------------------------------------------------------------

[2025-02-11 18:16:11 #1 store] 
Database 'C:\Users\ander\git\1Marroia25\erreserba_data.odb' is opened by 20076@LAPTOP-KQMM363R

[2025-02-11 18:16:11 #2 store] 
Configuration path: ?

[2025-02-11 18:16:11 #3 type] 
Type domain.ConcreteFlight is not enhanced.

[2025-02-11 18:16:11 #4 type] 
Type domain.Flight is not enhanced.

[2025-02-11 18:16:15 #5 store] 
Database 'C:\Users\ander\git\1Marroia25\erreserba_data.odb' is closed by 20076@LAPTOP-KQMM363R

------------------------------------------------------------------------------------------------------------------------

[2025-02-11 18:16:25 #1 store] 
Database 'C:\Users\ander\git\1Marroia25\erreserba_data.odb' is opened by 17096@LAPTOP-KQMM363R

[2025-02-11 18:16:25 #2 store] 
Configuration path: ?

[2025-02-11 18:16:25 #3 type] 
Type domain.ConcreteFlight is not enhanced.

[2025-02-11 18:16:25 #4 type] 
Type domain.Flight is not enhanced.

[2025-02-11 18:16:30 #5 store] 
Database 'C:\Users\ander\git\1Marroia25\erreserba_data.odb' is closed by 17096@LAPTOP-KQMM363R

------------------------------------------------------------------------------------------------------------------------

[2025-02-11 18:17:05 #1 store] 
Database 'C:\Users\ander\git\1Marroia25\erreserba_data.odb' is opened by 1804@LAPTOP-KQMM363R

[2025-02-11 18:17:05 #2 store] 
Configuration path: ?

[2025-02-11 18:17:05 #3 type] 
Type domain.ConcreteFlight is not enhanced.

[2025-02-11 18:17:05 #4 type] 
Type domain.Flight is not enhanced.

------------------------------------------------------------------------------------------------------------------------

[2025-02-11 18:24:37 #1 store] 
Database 'C:\Users\ander\git\1Marroia25\erreserba_data.odb' is opened by 18076@LAPTOP-KQMM363R

[2025-02-11 18:24:37 #2 store] 
Configuration path: ?

[2025-02-11 18:24:37 #3 type] 
Type domain.ConcreteFlight is not enhanced.

[2025-02-11 18:24:37 #4 type] 
Type domain.Flight is not enhanced.

[2025-02-11 18:24:46 #5 store] 
Database 'C:\Users\ander\git\1Marroia25\erreserba_data.odb' is closed by 18076@LAPTOP-KQMM363R

------------------------------------------------------------------------------------------------------------------------

[2025-02-11 18:28:43 #1 store] 
Database 'C:\Users\ander\git\1Marroia25\erreserba_data.odb' is opened by 30576@LAPTOP-KQMM363R

[2025-02-11 18:28:43 #2 store] 
Configuration path: ?

[2025-02-11 18:28:43 #3 type] 
Type domain.ConcreteFlight is not enhanced.

[2025-02-11 18:28:43 #4 type] 
Type domain.Flight is not enhanced.

------------------------------------------------------------------------------------------------------------------------

[2025-02-11 18:31:13 #1 store] 
Database 'C:\Users\ander\git\1Marroia25\erreserba_data.odb' is opened by 26668@LAPTOP-KQMM363R

[2025-02-11 18:31:13 #2 store] 
Configuration path: ?

[2025-02-11 18:31:13 #3 type] 
Type domain.ConcreteFlight is not enhanced.

[2025-02-11 18:31:13 #4 type] 
Type domain.Flight is not enhanced.

------------------------------------------------------------------------------------------------------------------------

[2025-02-11 18:31:45 #1 store] 
Database 'C:\Users\ander\git\1Marroia25\erreserba_data.odb' is opened by 12964@LAPTOP-KQMM363R

[2025-02-11 18:31:45 #2 store] 
Configuration path: ?

[2025-02-11 18:31:45 #3 type] 
Type domain.ConcreteFlight is not enhanced.

[2025-02-11 18:31:45 #4 type] 
Type domain.Flight is not enhanced.

------------------------------------------------------------------------------------------------------------------------

[2025-02-11 18:33:25 #1 store] 
Database 'C:\Users\ander\git\1Marroia25\erreserba_data.odb' is opened by 9204@LAPTOP-KQMM363R

[2025-02-11 18:33:25 #2 store] 
Configuration path: ?

[2025-02-11 18:33:25 #3 type] 
Type domain.ConcreteFlight is not enhanced.

[2025-02-11 18:33:25 #4 type] 
Type domain.Flight is not enhanced.

[2025-02-11 18:33:26 #5 store] 
Database 'C:\Users\ander\git\1Marroia25\erreserba_data.odb' is closed by 9204@LAPTOP-KQMM363R

------------------------------------------------------------------------------------------------------------------------

[2025-02-11 18:33:36 #1 store] 
Database 'C:\Users\ander\git\1Marroia25\erreserba_data.odb' is opened by 2104@LAPTOP-KQMM363R

[2025-02-11 18:33:36 #2 store] 
Configuration path: ?

[2025-02-11 18:33:37 #3 type] 
Type domain.ConcreteFlight is not enhanced.

[2025-02-11 18:33:37 #4 type] 
Type domain.Flight is not enhanced.

[2025-02-11 18:33:38 #5 store] 
Database 'C:\Users\ander\git\1Marroia25\erreserba_data.odb' is closed by 2104@LAPTOP-KQMM363R

------------------------------------------------------------------------------------------------------------------------

[2025-02-11 18:36:08 #1 store] 
Database 'C:\Users\ander\git\1Marroia25\erreserba_data.odb' is opened by 2524@LAPTOP-KQMM363R

[2025-02-11 18:36:08 #2 store] 
Configuration path: ?

[2025-02-11 18:36:08 #3 type] 
Type domain.ConcreteFlight is not enhanced.

[2025-02-11 18:36:08 #4 type] 
Type domain.Flight is not enhanced.

[2025-02-11 18:36:12 #5 store] 
Database 'C:\Users\ander\git\1Marroia25\erreserba_data.odb' is closed by 2524@LAPTOP-KQMM363R

------------------------------------------------------------------------------------------------------------------------

[2025-02-11 18:37:49 #1 store] 
Database 'C:\Users\ander\git\1Marroia25\erreserba_data.odb' is opened by 24520@LAPTOP-KQMM363R

[2025-02-11 18:37:49 #2 store] 
Configuration path: ?

[2025-02-11 18:37:49 #3 type] 
Type domain.ConcreteFlight is not enhanced.

[2025-02-11 18:37:49 #4 type] 
Type domain.Flight is not enhanced.

[2025-02-11 18:37:57 #5 store] 
Database 'C:\Users\ander\git\1Marroia25\erreserba_data.odb' is closed by 24520@LAPTOP-KQMM363R

------------------------------------------------------------------------------------------------------------------------

[2025-02-11 18:39:09 #1 store] 
Database 'C:\Users\ander\git\1Marroia25\erreserba_data.odb' is opened by 19772@LAPTOP-KQMM363R

[2025-02-11 18:39:09 #2 store] 
Configuration path: ?

[2025-02-11 18:39:09 #3 type] 
Type domain.ConcreteFlight is not enhanced.

[2025-02-11 18:39:09 #4 type] 
Type domain.Flight is not enhanced.

[2025-02-11 18:39:23 #5 store] 
Database 'C:\Users\ander\git\1Marroia25\erreserba_data.odb' is closed by 19772@LAPTOP-KQMM363R

------------------------------------------------------------------------------------------------------------------------

[2025-02-11 18:39:26 #1 store] 
Database 'C:\Users\ander\git\1Marroia25\erreserba_data.odb' is opened by 16172@LAPTOP-KQMM363R

[2025-02-11 18:39:26 #2 store] 
Configuration path: ?

[2025-02-11 18:39:26 #3 type] 
Type domain.ConcreteFlight is not enhanced.

[2025-02-11 18:39:26 #4 type] 
Type domain.Flight is not enhanced.

[2025-02-11 18:41:48 #5 store] 
Database 'C:\Users\ander\git\1Marroia25\erreserba_data.odb' is closed by 16172@LAPTOP-KQMM363R

------------------------------------------------------------------------------------------------------------------------

[2025-02-11 18:48:45 #1 store] 
Database 'C:\Users\ander\git\1Marroia25\erreserba_data.odb' is opened by 26244@LAPTOP-KQMM363R

[2025-02-11 18:48:45 #2 store] 
Configuration path: ?

[2025-02-11 18:48:45 #3 type] 
Type domain.ConcreteFlight is not enhanced.

[2025-02-11 18:48:45 #4 type] 
Type domain.Flight is not enhanced.

[2025-02-11 18:48:56 #5 store] 
Database 'C:\Users\ander\git\1Marroia25\erreserba_data.odb' is closed by 26244@LAPTOP-KQMM363R

------------------------------------------------------------------------------------------------------------------------

[2025-02-11 18:49:31 #1 store] 
Database 'C:\Users\ander\git\1Marroia25\erreserba_data.odb' is opened by 18712@LAPTOP-KQMM363R

[2025-02-11 18:49:31 #2 store] 
Configuration path: ?

[2025-02-11 18:49:31 #3 type] 
Type domain.ConcreteFlight is not enhanced.

[2025-02-11 18:49:31 #4 type] 
Type domain.Flight is not enhanced.

[2025-02-11 18:49:38 #5 store] 
Database 'C:\Users\ander\git\1Marroia25\erreserba_data.odb' is closed by 18712@LAPTOP-KQMM363R

------------------------------------------------------------------------------------------------------------------------

[2025-02-11 18:49:41 #1 store] 
Database 'C:\Users\ander\git\1Marroia25\erreserba_data.odb' is opened by 28624@LAPTOP-KQMM363R

[2025-02-11 18:49:41 #2 store] 
Configuration path: ?

[2025-02-11 18:49:41 #3 type] 
Type domain.ConcreteFlight is not enhanced.

[2025-02-11 18:49:41 #4 type] 
Type domain.Flight is not enhanced.

[2025-02-11 18:49:53 #5 store] 
Database 'C:\Users\ander\git\1Marroia25\erreserba_data.odb' is closed by 28624@LAPTOP-KQMM363R

------------------------------------------------------------------------------------------------------------------------

[2025-02-11 18:49:54 #1 store] 
Database 'C:\Users\ander\git\1Marroia25\erreserba_data.odb' is opened by 12140@LAPTOP-KQMM363R

[2025-02-11 18:49:54 #2 store] 
Configuration path: ?

[2025-02-11 18:49:55 #3 type] 
Type domain.ConcreteFlight is not enhanced.

[2025-02-11 18:49:55 #4 type] 
Type domain.Flight is not enhanced.

[2025-02-11 18:49:59 #5 store] 
Database 'C:\Users\ander\git\1Marroia25\erreserba_data.odb' is closed by 12140@LAPTOP-KQMM363R

------------------------------------------------------------------------------------------------------------------------

[2025-02-11 19:03:15 #1 store] 
Database 'C:\Users\ander\git\1Marroia25\erreserba_data.odb' is opened by 24300@LAPTOP-KQMM363R

[2025-02-11 19:03:15 #2 store] 
Configuration path: ?

[2025-02-11 19:03:15 #3 type] 
Type domain.ConcreteFlight is not enhanced.

[2025-02-11 19:03:15 #4 type] 
Type domain.Flight is not enhanced.

[2025-02-11 19:03:18 #5 store] 
Database 'C:\Users\ander\git\1Marroia25\erreserba_data.odb' is closed by 24300@LAPTOP-KQMM363R

------------------------------------------------------------------------------------------------------------------------

[2025-02-11 19:05:37 #1 store] 
Database 'C:\Users\ander\git\1Marroia25\erreserba_data.odb' is opened by 7440@LAPTOP-KQMM363R

[2025-02-11 19:05:37 #2 store] 
Configuration path: ?

[2025-02-11 19:05:37 #3 type] 
Type domain.ConcreteFlight is not enhanced.

[2025-02-11 19:05:37 #4 type] 
Type domain.Flight is not enhanced.

[2025-02-11 19:05:49 #5 store] 
Database 'C:\Users\ander\git\1Marroia25\erreserba_data.odb' is closed by 7440@LAPTOP-KQMM363R

------------------------------------------------------------------------------------------------------------------------

[2025-02-11 19:05:52 #1 store] 
Database 'C:\Users\ander\git\1Marroia25\erreserba_data.odb' is opened by 8800@LAPTOP-KQMM363R

[2025-02-11 19:05:52 #2 store] 
Configuration path: ?

[2025-02-11 19:05:52 #3 type] 
Type domain.ConcreteFlight is not enhanced.

[2025-02-11 19:05:52 #4 type] 
Type domain.Flight is not enhanced.

[2025-02-11 19:05:57 #5 store] 
Database 'C:\Users\ander\git\1Marroia25\erreserba_data.odb' is closed by 8800@LAPTOP-KQMM363R

