------------------------------------------------------------------------------------------------------------------------

[2025-02-10 17:16:56 #1 store] 
Database 'C:\Users\ander\git\1Marroia25\erreserba_data.odb' is opened by 28392@LAPTOP-KQMM363R

[2025-02-10 17:16:56 #2 store] 
Configuration path: ?

[2025-02-10 17:16:57 #3 type] 
Type domain.ConcreteFlight is not enhanced.

[2025-02-10 17:16:57 #4 type] 
Type domain.Flight is not enhanced.

------------------------------------------------------------------------------------------------------------------------

[2025-02-10 17:20:37 #1 store] 
Database 'C:\Users\ander\git\1Marroia25\erreserba_data.odb' is opened by 1256@LAPTOP-KQMM363R

[2025-02-10 17:20:37 #2 store] 
Configuration path: ?

[2025-02-10 17:20:37 #3 type] 
Type domain.ConcreteFlight is not enhanced.

[2025-02-10 17:20:37 #4 type] 
Type domain.Flight is not enhanced.

------------------------------------------------------------------------------------------------------------------------

[2025-02-10 17:23:00 #1 store] 
Database 'C:\Users\ander\git\1Marroia25\erreserba_data.odb' is opened by 18360@LAPTOP-KQMM363R

[2025-02-10 17:23:00 #2 store] 
Configuration path: ?

[2025-02-10 17:23:00 #3 type] 
Type domain.ConcreteFlight is not enhanced.

[2025-02-10 17:23:00 #4 type] 
Type domain.Flight is not enhanced.

------------------------------------------------------------------------------------------------------------------------

[2025-02-10 17:24:15 #1 store] 
Database 'C:\Users\ander\git\1Marroia25\erreserba_data.odb' is opened by 22644@LAPTOP-KQMM363R

[2025-02-10 17:24:15 #2 store] 
Configuration path: ?

[2025-02-10 17:24:15 #3 type] 
Type domain.ConcreteFlight is not enhanced.

[2025-02-10 17:24:15 #4 type] 
Type domain.Flight is not enhanced.

------------------------------------------------------------------------------------------------------------------------

[2025-02-10 17:24:23 #1 store] 
Database 'C:\Users\ander\git\1Marroia25\erreserba_data.odb' is opened by 12628@LAPTOP-KQMM363R

[2025-02-10 17:24:23 #2 store] 
Configuration path: ?

[2025-02-10 17:24:23 #3 type] 
Type domain.ConcreteFlight is not enhanced.

[2025-02-10 17:24:24 #4 type] 
Type domain.Flight is not enhanced.

------------------------------------------------------------------------------------------------------------------------

[2025-02-10 17:29:20 #1 store] 
Database 'C:\Users\ander\git\1Marroia25\erreserba_data.odb' is opened by 24828@LAPTOP-KQMM363R

[2025-02-10 17:29:20 #2 store] 
Configuration path: ?

[2025-02-10 17:29:21 #3 type] 
Type domain.ConcreteFlight is not enhanced.

[2025-02-10 17:29:21 #4 type] 
Type domain.Flight is not enhanced.

------------------------------------------------------------------------------------------------------------------------

[2025-02-10 17:48:32 #1 store] 
Database 'C:\Users\ander\git\1Marroia25\erreserba_data.odb' is opened by 8516@LAPTOP-KQMM363R

[2025-02-10 17:48:32 #2 store] 
Configuration path: ?

[2025-02-10 17:48:32 #3 type] 
Type domain.ConcreteFlight is not enhanced.

[2025-02-10 17:48:32 #4 type] 
Type domain.Flight is not enhanced.

------------------------------------------------------------------------------------------------------------------------

[2025-02-10 17:50:52 #1 store] 
Database 'C:\Users\ander\git\1Marroia25\erreserba_data.odb' is opened by 30624@LAPTOP-KQMM363R

[2025-02-10 17:50:52 #2 store] 
Configuration path: ?

[2025-02-10 17:50:52 #3 type] 
Type domain.ConcreteFlight is not enhanced.

[2025-02-10 17:50:52 #4 type] 
Type domain.Flight is not enhanced.

------------------------------------------------------------------------------------------------------------------------

[2025-02-10 17:52:02 #1 store] 
Database 'C:\Users\ander\git\1Marroia25\erreserba_data.odb' is opened by 23972@LAPTOP-KQMM363R

[2025-02-10 17:52:02 #2 store] 
Configuration path: ?

[2025-02-10 17:52:02 #3 type] 
Type domain.ConcreteFlight is not enhanced.

[2025-02-10 17:52:02 #4 type] 
Type domain.Flight is not enhanced.

------------------------------------------------------------------------------------------------------------------------

[2025-02-10 17:52:26 #1 store] 
Database 'C:\Users\ander\git\1Marroia25\erreserba_data.odb' is opened by 18132@LAPTOP-KQMM363R

[2025-02-10 17:52:26 #2 store] 
Configuration path: ?

[2025-02-10 17:52:26 #3 type] 
Type domain.ConcreteFlight is not enhanced.

[2025-02-10 17:52:26 #4 type] 
Type domain.Flight is not enhanced.

------------------------------------------------------------------------------------------------------------------------

[2025-02-10 17:52:47 #1 store] 
Database 'C:\Users\ander\git\1Marroia25\erreserba_data.odb' is opened by 8516@LAPTOP-KQMM363R

[2025-02-10 17:52:47 #2 store] 
Configuration path: ?

[2025-02-10 17:52:48 #3 type] 
Type domain.ConcreteFlight is not enhanced.

[2025-02-10 17:52:48 #4 type] 
Type domain.Flight is not enhanced.

------------------------------------------------------------------------------------------------------------------------

[2025-02-10 17:53:43 #1 store] 
Database 'C:\Users\ander\git\1Marroia25\erreserba_data.odb' is opened by 31380@LAPTOP-KQMM363R

[2025-02-10 17:53:43 #2 store] 
Configuration path: ?

[2025-02-10 17:53:43 #3 type] 
Type domain.ConcreteFlight is not enhanced.

[2025-02-10 17:53:43 #4 type] 
Type domain.Flight is not enhanced.

------------------------------------------------------------------------------------------------------------------------

[2025-02-10 17:54:09 #1 store] 
Database 'C:\Users\ander\git\1Marroia25\erreserba_data.odb' is opened by 20736@LAPTOP-KQMM363R

[2025-02-10 17:54:09 #2 store] 
Configuration path: ?

[2025-02-10 17:54:10 #3 type] 
Type domain.ConcreteFlight is not enhanced.

[2025-02-10 17:54:10 #4 type] 
Type domain.Flight is not enhanced.

------------------------------------------------------------------------------------------------------------------------

[2025-02-10 17:55:39 #1 store] 
Database 'C:\Users\ander\git\1Marroia25\erreserba_data.odb' is opened by 1804@LAPTOP-KQMM363R

[2025-02-10 17:55:39 #2 store] 
Configuration path: ?

[2025-02-10 17:55:39 #3 type] 
Type domain.ConcreteFlight is not enhanced.

[2025-02-10 17:55:39 #4 type] 
Type domain.Flight is not enhanced.

------------------------------------------------------------------------------------------------------------------------

[2025-02-10 17:57:30 #1 store] 
Database 'C:\Users\ander\git\1Marroia25\erreserba_data.odb' is opened by 30220@LAPTOP-KQMM363R

[2025-02-10 17:57:30 #2 store] 
Configuration path: ?

[2025-02-10 17:57:30 #3 type] 
Type domain.ConcreteFlight is not enhanced.

[2025-02-10 17:57:31 #4 type] 
Type domain.Flight is not enhanced.

------------------------------------------------------------------------------------------------------------------------

[2025-02-10 18:00:31 #1 store] 
Database 'C:\Users\ander\git\1Marroia25\erreserba_data.odb' is opened by 31108@LAPTOP-KQMM363R

[2025-02-10 18:00:31 #2 store] 
Configuration path: ?

[2025-02-10 18:00:31 #3 type] 
Type domain.ConcreteFlight is not enhanced.

[2025-02-10 18:00:32 #4 type] 
Type domain.Flight is not enhanced.

------------------------------------------------------------------------------------------------------------------------

[2025-02-10 18:01:12 #1 store] 
Database 'C:\Users\ander\git\1Marroia25\erreserba_data.odb' is opened by 3244@LAPTOP-KQMM363R

[2025-02-10 18:01:12 #2 store] 
Configuration path: ?

[2025-02-10 18:01:12 #3 type] 
Type domain.ConcreteFlight is not enhanced.

[2025-02-10 18:01:12 #4 type] 
Type domain.Flight is not enhanced.

------------------------------------------------------------------------------------------------------------------------

[2025-02-10 18:02:35 #1 store] 
Database 'C:\Users\ander\git\1Marroia25\erreserba_data.odb' is opened by 22268@LAPTOP-KQMM363R

[2025-02-10 18:02:35 #2 store] 
Configuration path: ?

[2025-02-10 18:02:35 #3 type] 
Type domain.ConcreteFlight is not enhanced.

[2025-02-10 18:02:35 #4 type] 
Type domain.Flight is not enhanced.

------------------------------------------------------------------------------------------------------------------------

[2025-02-10 18:04:01 #1 store] 
Database 'C:\Users\ander\git\1Marroia25\erreserba_data.odb' is opened by 14508@LAPTOP-KQMM363R

[2025-02-10 18:04:01 #2 store] 
Configuration path: ?

[2025-02-10 18:04:01 #3 type] 
Type domain.ConcreteFlight is not enhanced.

[2025-02-10 18:04:02 #4 type] 
Type domain.Flight is not enhanced.

------------------------------------------------------------------------------------------------------------------------

[2025-02-10 18:04:55 #1 store] 
Database 'C:\Users\ander\git\1Marroia25\erreserba_data.odb' is opened by 25624@LAPTOP-KQMM363R

[2025-02-10 18:04:55 #2 store] 
Configuration path: ?

[2025-02-10 18:04:55 #3 type] 
Type domain.ConcreteFlight is not enhanced.

[2025-02-10 18:04:55 #4 type] 
Type domain.Flight is not enhanced.

------------------------------------------------------------------------------------------------------------------------

[2025-02-10 18:07:51 #1 store] 
Database 'C:\Users\ander\git\1Marroia25\erreserba_data.odb' is opened by 24284@LAPTOP-KQMM363R

[2025-02-10 18:07:51 #2 store] 
Configuration path: ?

[2025-02-10 18:07:52 #3 type] 
Type domain.ConcreteFlight is not enhanced.

[2025-02-10 18:07:52 #4 type] 
Type domain.Flight is not enhanced.

------------------------------------------------------------------------------------------------------------------------

[2025-02-10 18:08:51 #1 store] 
Database 'C:\Users\ander\git\1Marroia25\erreserba_data.odb' is opened by 16672@LAPTOP-KQMM363R

[2025-02-10 18:08:51 #2 store] 
Configuration path: ?

[2025-02-10 18:08:51 #3 type] 
Type domain.ConcreteFlight is not enhanced.

[2025-02-10 18:08:51 #4 type] 
Type domain.Flight is not enhanced.

------------------------------------------------------------------------------------------------------------------------

[2025-02-10 18:09:52 #1 store] 
Database 'C:\Users\ander\git\1Marroia25\erreserba_data.odb' is opened by 12592@LAPTOP-KQMM363R

[2025-02-10 18:09:52 #2 store] 
Configuration path: ?

[2025-02-10 18:09:52 #3 type] 
Type domain.ConcreteFlight is not enhanced.

[2025-02-10 18:09:52 #4 type] 
Type domain.Flight is not enhanced.

------------------------------------------------------------------------------------------------------------------------

[2025-02-10 18:13:10 #1 store] 
Database 'C:\Users\ander\git\1Marroia25\erreserba_data.odb' is opened by 22328@LAPTOP-KQMM363R

[2025-02-10 18:13:10 #2 store] 
Configuration path: ?

[2025-02-10 18:13:10 #3 type] 
Type domain.ConcreteFlight is not enhanced.

[2025-02-10 18:13:10 #4 type] 
Type domain.Flight is not enhanced.

------------------------------------------------------------------------------------------------------------------------

[2025-02-10 18:17:53 #1 store] 
Database 'C:\Users\ander\git\1Marroia25\erreserba_data.odb' is opened by 19696@LAPTOP-KQMM363R

[2025-02-10 18:17:53 #2 store] 
Configuration path: ?

[2025-02-10 18:17:53 #3 type] 
Type domain.ConcreteFlight is not enhanced.

[2025-02-10 18:17:53 #4 type] 
Type domain.Flight is not enhanced.

------------------------------------------------------------------------------------------------------------------------

[2025-02-10 18:21:17 #1 store] 
Database 'C:\Users\ander\git\1Marroia25\erreserba_data.odb' has been recovered (tr. 12-12)

[2025-02-10 18:21:17 #2 store] 
Database 'C:\Users\ander\git\1Marroia25\erreserba_data.odb' is opened by 19140@LAPTOP-KQMM363R

[2025-02-10 18:21:17 #3 store] 
Configuration path: ?

[2025-02-10 18:21:17 #4 type] 
Type domain.ConcreteFlight is not enhanced.

[2025-02-10 18:21:17 #5 type] 
Type domain.Flight is not enhanced.

------------------------------------------------------------------------------------------------------------------------

[2025-02-10 18:22:50 #1 store] 
Database 'C:\Users\ander\git\1Marroia25\erreserba_data.odb' is opened by 5828@LAPTOP-KQMM363R

[2025-02-10 18:22:50 #2 store] 
Configuration path: ?

[2025-02-10 18:22:50 #3 type] 
Type domain.ConcreteFlight is not enhanced.

[2025-02-10 18:22:50 #4 type] 
Type domain.Flight is not enhanced.

------------------------------------------------------------------------------------------------------------------------

[2025-02-10 18:23:44 #1 store] 
Database 'C:\Users\ander\git\1Marroia25\erreserba_data.odb' is opened by 14236@LAPTOP-KQMM363R

[2025-02-10 18:23:44 #2 store] 
Configuration path: ?

[2025-02-10 18:23:44 #3 type] 
Type domain.ConcreteFlight is not enhanced.

[2025-02-10 18:23:44 #4 type] 
Type domain.Flight is not enhanced.

------------------------------------------------------------------------------------------------------------------------

[2025-02-10 18:24:01 #1 store] 
Database 'C:\Users\ander\git\1Marroia25\erreserba_data.odb' is opened by 24168@LAPTOP-KQMM363R

[2025-02-10 18:24:01 #2 store] 
Configuration path: ?

[2025-02-10 18:24:02 #3 type] 
Type domain.ConcreteFlight is not enhanced.

[2025-02-10 18:24:02 #4 type] 
Type domain.Flight is not enhanced.

------------------------------------------------------------------------------------------------------------------------

[2025-02-10 18:31:39 #1 store] 
Database 'C:\Users\ander\git\1Marroia25\erreserba_data.odb' is opened by 30836@LAPTOP-KQMM363R

[2025-02-10 18:31:39 #2 store] 
Configuration path: ?

[2025-02-10 18:31:40 #3 type] 
Type domain.ConcreteFlight is not enhanced.

[2025-02-10 18:31:40 #4 type] 
Type domain.Flight is not enhanced.

------------------------------------------------------------------------------------------------------------------------

[2025-02-10 18:32:18 #1 store] 
Database 'C:\Users\ander\git\1Marroia25\erreserba_data.odb' is opened by 25460@LAPTOP-KQMM363R

[2025-02-10 18:32:18 #2 store] 
Configuration path: ?

[2025-02-10 18:32:19 #3 type] 
Type domain.ConcreteFlight is not enhanced.

[2025-02-10 18:32:19 #4 type] 
Type domain.Flight is not enhanced.

------------------------------------------------------------------------------------------------------------------------

[2025-02-10 18:32:50 #1 store] 
Database 'C:\Users\ander\git\1Marroia25\erreserba_data.odb' is opened by 24588@LAPTOP-KQMM363R

[2025-02-10 18:32:50 #2 store] 
Configuration path: ?

[2025-02-10 18:32:50 #3 type] 
Type domain.ConcreteFlight is not enhanced.

[2025-02-10 18:32:50 #4 type] 
Type domain.Flight is not enhanced.

------------------------------------------------------------------------------------------------------------------------

[2025-02-10 18:34:18 #1 store] 
Database 'C:\Users\ander\git\1Marroia25\erreserba_data.odb' is opened by 19496@LAPTOP-KQMM363R

[2025-02-10 18:34:18 #2 store] 
Configuration path: ?

[2025-02-10 18:34:18 #3 type] 
Type domain.ConcreteFlight is not enhanced.

[2025-02-10 18:34:18 #4 type] 
Type domain.Flight is not enhanced.

------------------------------------------------------------------------------------------------------------------------

[2025-02-10 18:37:07 #1 store] 
Database 'C:\Users\ander\git\1Marroia25\erreserba_data.odb' is opened by 6480@LAPTOP-KQMM363R

[2025-02-10 18:37:07 #2 store] 
Configuration path: ?

[2025-02-10 18:37:07 #3 type] 
Type domain.ConcreteFlight is not enhanced.

[2025-02-10 18:37:07 #4 type] 
Type domain.Flight is not enhanced.

------------------------------------------------------------------------------------------------------------------------

[2025-02-10 18:40:58 #1 store] 
Database 'C:\Users\ander\git\1Marroia25\erreserba_data.odb' is opened by 30624@LAPTOP-KQMM363R

[2025-02-10 18:40:58 #2 store] 
Configuration path: ?

[2025-02-10 18:40:58 #3 type] 
Type domain.ConcreteFlight is not enhanced.

[2025-02-10 18:40:59 #4 type] 
Type domain.Flight is not enhanced.

------------------------------------------------------------------------------------------------------------------------

[2025-02-10 18:47:50 #1 store] 
Database 'C:\Users\ander\git\1Marroia25\erreserba_data.odb' is opened by 2544@LAPTOP-KQMM363R

[2025-02-10 18:47:50 #2 store] 
Configuration path: ?

[2025-02-10 18:47:50 #3 type] 
Type domain.ConcreteFlight is not enhanced.

[2025-02-10 18:47:50 #4 type] 
Type domain.Flight is not enhanced.

------------------------------------------------------------------------------------------------------------------------

[2025-02-10 18:49:26 #1 store] 
Database 'C:\Users\ander\git\1Marroia25\erreserba_data.odb' is opened by 5552@LAPTOP-KQMM363R

[2025-02-10 18:49:26 #2 store] 
Configuration path: ?

[2025-02-10 18:49:26 #3 type] 
Type domain.ConcreteFlight is not enhanced.

[2025-02-10 18:49:26 #4 type] 
Type domain.Flight is not enhanced.

------------------------------------------------------------------------------------------------------------------------

[2025-02-10 18:53:51 #1 store] 
Database 'C:\Users\ander\git\1Marroia25\erreserba_data.odb' is opened by 29512@LAPTOP-KQMM363R

[2025-02-10 18:53:51 #2 store] 
Configuration path: ?

[2025-02-10 18:53:51 #3 type] 
Type domain.ConcreteFlight is not enhanced.

[2025-02-10 18:53:51 #4 type] 
Type domain.Flight is not enhanced.

------------------------------------------------------------------------------------------------------------------------

[2025-02-10 18:56:14 #1 store] 
Database 'C:\Users\ander\git\1Marroia25\erreserba_data.odb' is opened by 8748@LAPTOP-KQMM363R

[2025-02-10 18:56:14 #2 store] 
Configuration path: ?

[2025-02-10 18:56:14 #3 type] 
Type domain.ConcreteFlight is not enhanced.

[2025-02-10 18:56:14 #4 type] 
Type domain.Flight is not enhanced.

------------------------------------------------------------------------------------------------------------------------

[2025-02-10 19:32:25 #1 store] 
Database 'C:\Users\ander\git\1Marroia25\erreserba_data.odb' is opened by 16912@LAPTOP-KQMM363R

[2025-02-10 19:32:25 #2 store] 
Configuration path: ?

[2025-02-10 19:32:25 #3 type] 
Type domain.ConcreteFlight is not enhanced.

[2025-02-10 19:32:25 #4 type] 
Type domain.Flight is not enhanced.

------------------------------------------------------------------------------------------------------------------------

[2025-02-10 20:24:24 #1 store] 
Database 'C:\Users\ander\git\1Marroia25\erreserba_data.odb' has been recovered (tr. 13-14)

[2025-02-10 20:24:25 #2 store] 
Database 'C:\Users\ander\git\1Marroia25\erreserba_data.odb' is opened by 28936@LAPTOP-KQMM363R

[2025-02-10 20:24:25 #3 store] 
Configuration path: ?

[2025-02-10 20:24:25 #4 type] 
Type domain.ConcreteFlight is not enhanced.

[2025-02-10 20:24:25 #5 type] 
Type domain.Flight is not enhanced.

