------------------------------------------------------------------------------------------------------------------------

[2025-02-06 17:49:14 #1 store] 
Database 'C:\Users\ander\git\1Marroia25\erreserba_data.odb' is opened by 11964@LAPTOP-KQMM363R

[2025-02-06 17:49:14 #2 store] 
Configuration path: ?

[2025-02-06 17:49:14 #3 type] 
Type domain.ConcreteFlight is not enhanced.

[2025-02-06 17:49:14 #4 type] 
Type domain.Flight is not enhanced.

------------------------------------------------------------------------------------------------------------------------

[2025-02-06 18:07:09 #1 store] 
Database 'C:\Users\ander\git\1Marroia25\erreserba_data.odb' is opened by 13656@LAPTOP-KQMM363R

[2025-02-06 18:07:09 #2 store] 
Configuration path: ?

[2025-02-06 18:07:09 #3 type] 
Type domain.ConcreteFlight is not enhanced.

[2025-02-06 18:07:09 #4 type] 
Type domain.Flight is not enhanced.

------------------------------------------------------------------------------------------------------------------------

[2025-02-06 18:11:24 #1 store] 
Database 'C:\Users\ander\git\1Marroia25\erreserba_data.odb' is opened by 12620@LAPTOP-KQMM363R

[2025-02-06 18:11:24 #2 store] 
Configuration path: ?

[2025-02-06 18:11:24 #3 type] 
Type domain.ConcreteFlight is not enhanced.

[2025-02-06 18:11:25 #4 type] 
Type domain.Flight is not enhanced.

------------------------------------------------------------------------------------------------------------------------

[2025-02-06 18:12:14 #1 store] 
Database 'C:\Users\ander\git\1Marroia25\erreserba_data.odb' is opened by 1716@LAPTOP-KQMM363R

[2025-02-06 18:12:14 #2 store] 
Configuration path: ?

[2025-02-06 18:12:14 #3 type] 
Type domain.ConcreteFlight is not enhanced.

[2025-02-06 18:12:14 #4 type] 
Type domain.Flight is not enhanced.

------------------------------------------------------------------------------------------------------------------------

[2025-02-06 18:12:21 #1 store] 
Database 'C:\Users\ander\git\1Marroia25\erreserba_data.odb' is opened by 6956@LAPTOP-KQMM363R

[2025-02-06 18:12:21 #2 store] 
Configuration path: ?

[2025-02-06 18:12:21 #3 type] 
Type domain.ConcreteFlight is not enhanced.

[2025-02-06 18:12:21 #4 type] 
Type domain.Flight is not enhanced.

------------------------------------------------------------------------------------------------------------------------

[2025-02-06 18:51:40 #1 store] 
Database 'C:\Users\ander\git\1Marroia25\erreserba_data.odb' is opened by 23556@LAPTOP-KQMM363R

[2025-02-06 18:51:40 #2 store] 
Configuration path: ?

[2025-02-06 18:51:40 #3 type] 
Type domain.ConcreteFlight is not enhanced.

[2025-02-06 18:51:40 #4 type] 
Type domain.Flight is not enhanced.

------------------------------------------------------------------------------------------------------------------------

[2025-02-06 18:52:29 #1 store] 
Database 'C:\Users\ander\git\1Marroia25\erreserba_data.odb' is opened by 5628@LAPTOP-KQMM363R

[2025-02-06 18:52:29 #2 store] 
Configuration path: ?

[2025-02-06 18:52:29 #3 type] 
Type domain.ConcreteFlight is not enhanced.

[2025-02-06 18:52:29 #4 type] 
Type domain.Flight is not enhanced.

------------------------------------------------------------------------------------------------------------------------

[2025-02-06 18:58:01 #1 store] 
Database 'C:\Users\ander\git\1Marroia25\erreserba_data.odb' is opened by 12236@LAPTOP-KQMM363R

[2025-02-06 18:58:01 #2 store] 
Configuration path: ?

[2025-02-06 18:58:01 #3 type] 
Type domain.ConcreteFlight is not enhanced.

[2025-02-06 18:58:01 #4 type] 
Type domain.Flight is not enhanced.

------------------------------------------------------------------------------------------------------------------------

[2025-02-06 19:00:34 #1 store] 
Database 'C:\Users\ander\git\1Marroia25\erreserba_data.odb' is opened by 14736@LAPTOP-KQMM363R

[2025-02-06 19:00:34 #2 store] 
Configuration path: ?

[2025-02-06 19:00:34 #3 type] 
Type domain.ConcreteFlight is not enhanced.

[2025-02-06 19:00:34 #4 type] 
Type domain.Flight is not enhanced.

------------------------------------------------------------------------------------------------------------------------

[2025-02-06 19:01:23 #1 store] 
Database 'C:\Users\ander\git\1Marroia25\erreserba_data.odb' is opened by 31568@LAPTOP-KQMM363R

[2025-02-06 19:01:23 #2 store] 
Configuration path: ?

[2025-02-06 19:01:23 #3 type] 
Type domain.ConcreteFlight is not enhanced.

[2025-02-06 19:01:23 #4 type] 
Type domain.Flight is not enhanced.

------------------------------------------------------------------------------------------------------------------------

[2025-02-06 19:01:52 #1 store] 
Database 'C:\Users\ander\git\1Marroia25\erreserba_data.odb' is opened by 27300@LAPTOP-KQMM363R

[2025-02-06 19:01:52 #2 store] 
Configuration path: ?

[2025-02-06 19:01:52 #3 type] 
Type domain.ConcreteFlight is not enhanced.

[2025-02-06 19:01:52 #4 type] 
Type domain.Flight is not enhanced.

------------------------------------------------------------------------------------------------------------------------

[2025-02-06 19:05:04 #1 store] 
Database 'C:\Users\ander\git\1Marroia25\erreserba_data.odb' is opened by 24564@LAPTOP-KQMM363R

[2025-02-06 19:05:04 #2 store] 
Configuration path: ?

[2025-02-06 19:05:04 #3 type] 
Type domain.ConcreteFlight is not enhanced.

[2025-02-06 19:05:04 #4 type] 
Type domain.Flight is not enhanced.

------------------------------------------------------------------------------------------------------------------------

[2025-02-06 19:05:21 #1 store] 
Database 'C:\Users\ander\git\1Marroia25\erreserba_data.odb' is opened by 22668@LAPTOP-KQMM363R

[2025-02-06 19:05:21 #2 store] 
Configuration path: ?

[2025-02-06 19:05:21 #3 type] 
Type domain.ConcreteFlight is not enhanced.

[2025-02-06 19:05:21 #4 type] 
Type domain.Flight is not enhanced.

------------------------------------------------------------------------------------------------------------------------

[2025-02-06 19:12:33 #1 store] 
Database 'C:\Users\ander\git\1Marroia25\erreserba_data.odb' is opened by 11276@LAPTOP-KQMM363R

[2025-02-06 19:12:33 #2 store] 
Configuration path: ?

[2025-02-06 19:12:33 #3 type] 
Type domain.ConcreteFlight is not enhanced.

[2025-02-06 19:12:33 #4 type] 
Type domain.Flight is not enhanced.

------------------------------------------------------------------------------------------------------------------------

[2025-02-06 19:31:05 #1 store] 
Database 'C:\Users\ander\git\1Marroia25\erreserba_data.odb' is opened by 13368@LAPTOP-KQMM363R

[2025-02-06 19:31:05 #2 store] 
Configuration path: ?

[2025-02-06 19:31:05 #3 type] 
Type domain.ConcreteFlight is not enhanced.

[2025-02-06 19:31:05 #4 type] 
Type domain.Flight is not enhanced.

------------------------------------------------------------------------------------------------------------------------

[2025-02-06 19:34:24 #1 store] 
Database 'C:\Users\ander\git\1Marroia25\erreserba_data.odb' is opened by 31176@LAPTOP-KQMM363R

[2025-02-06 19:34:24 #2 store] 
Configuration path: ?

[2025-02-06 19:34:24 #3 type] 
Type domain.ConcreteFlight is not enhanced.

[2025-02-06 19:34:24 #4 type] 
Type domain.Flight is not enhanced.

------------------------------------------------------------------------------------------------------------------------

[2025-02-06 19:36:27 #1 store] 
Database 'C:\Users\ander\git\1Marroia25\erreserba_data.odb' is opened by 22304@LAPTOP-KQMM363R

[2025-02-06 19:36:27 #2 store] 
Configuration path: ?

[2025-02-06 19:36:28 #3 type] 
Type domain.ConcreteFlight is not enhanced.

[2025-02-06 19:36:28 #4 type] 
Type domain.Flight is not enhanced.

------------------------------------------------------------------------------------------------------------------------

[2025-02-06 19:36:41 #1 store] 
Database 'C:\Users\ander\git\1Marroia25\erreserba_data.odb' is opened by 25892@LAPTOP-KQMM363R

[2025-02-06 19:36:41 #2 store] 
Configuration path: ?

[2025-02-06 19:36:41 #3 type] 
Type domain.ConcreteFlight is not enhanced.

[2025-02-06 19:36:41 #4 type] 
Type domain.Flight is not enhanced.

------------------------------------------------------------------------------------------------------------------------

[2025-02-06 19:40:31 #1 store] 
Database 'C:\Users\ander\git\1Marroia25\erreserba_data.odb' is opened by 1156@LAPTOP-KQMM363R

[2025-02-06 19:40:31 #2 store] 
Configuration path: ?

[2025-02-06 19:40:31 #3 type] 
Type domain.ConcreteFlight is not enhanced.

[2025-02-06 19:40:31 #4 type] 
Type domain.Flight is not enhanced.

------------------------------------------------------------------------------------------------------------------------

[2025-02-06 19:43:21 #1 store] 
Database 'C:\Users\ander\git\1Marroia25\erreserba_data.odb' is opened by 9964@LAPTOP-KQMM363R

[2025-02-06 19:43:21 #2 store] 
Configuration path: ?

[2025-02-06 19:43:21 #3 type] 
Type domain.ConcreteFlight is not enhanced.

[2025-02-06 19:43:21 #4 type] 
Type domain.Flight is not enhanced.

------------------------------------------------------------------------------------------------------------------------

[2025-02-06 19:44:21 #1 store] 
Database 'C:\Users\ander\git\1Marroia25\erreserba_data.odb' is opened by 7472@LAPTOP-KQMM363R

[2025-02-06 19:44:21 #2 store] 
Configuration path: ?

[2025-02-06 19:44:21 #3 type] 
Type domain.ConcreteFlight is not enhanced.

[2025-02-06 19:44:21 #4 type] 
Type domain.Flight is not enhanced.

------------------------------------------------------------------------------------------------------------------------

[2025-02-06 19:45:08 #1 store] 
Database 'C:\Users\ander\git\1Marroia25\erreserba_data.odb' is opened by 31112@LAPTOP-KQMM363R

[2025-02-06 19:45:08 #2 store] 
Configuration path: ?

[2025-02-06 19:45:08 #3 type] 
Type domain.ConcreteFlight is not enhanced.

[2025-02-06 19:45:08 #4 type] 
Type domain.Flight is not enhanced.

------------------------------------------------------------------------------------------------------------------------

[2025-02-06 19:45:35 #1 store] 
Database 'C:\Users\ander\git\1Marroia25\erreserba_data.odb' is opened by 27052@LAPTOP-KQMM363R

[2025-02-06 19:45:35 #2 store] 
Configuration path: ?

[2025-02-06 19:45:35 #3 type] 
Type domain.ConcreteFlight is not enhanced.

[2025-02-06 19:45:35 #4 type] 
Type domain.Flight is not enhanced.

------------------------------------------------------------------------------------------------------------------------

[2025-02-06 19:46:53 #1 store] 
Database 'C:\Users\ander\git\1Marroia25\erreserba_data.odb' is opened by 5868@LAPTOP-KQMM363R

[2025-02-06 19:46:53 #2 store] 
Configuration path: ?

[2025-02-06 19:46:53 #3 type] 
Type domain.ConcreteFlight is not enhanced.

[2025-02-06 19:46:54 #4 type] 
Type domain.Flight is not enhanced.

------------------------------------------------------------------------------------------------------------------------

[2025-02-06 19:47:23 #1 store] 
Database 'C:\Users\ander\git\1Marroia25\erreserba_data.odb' is opened by 20264@LAPTOP-KQMM363R

[2025-02-06 19:47:23 #2 store] 
Configuration path: ?

[2025-02-06 19:47:23 #3 type] 
Type domain.ConcreteFlight is not enhanced.

[2025-02-06 19:47:23 #4 type] 
Type domain.Flight is not enhanced.

------------------------------------------------------------------------------------------------------------------------

[2025-02-06 19:53:52 #1 store] 
Database 'C:\Users\ander\git\1Marroia25\erreserba_data.odb' is opened by 8776@LAPTOP-KQMM363R

[2025-02-06 19:53:52 #2 store] 
Configuration path: ?

[2025-02-06 19:53:52 #3 type] 
Type domain.ConcreteFlight is not enhanced.

[2025-02-06 19:53:52 #4 type] 
Type domain.Flight is not enhanced.

------------------------------------------------------------------------------------------------------------------------

[2025-02-06 19:56:13 #1 store] 
Database 'C:\Users\ander\git\1Marroia25\erreserba_data.odb' is opened by 4416@LAPTOP-KQMM363R

[2025-02-06 19:56:13 #2 store] 
Configuration path: ?

[2025-02-06 19:56:13 #3 type] 
Type domain.ConcreteFlight is not enhanced.

[2025-02-06 19:56:13 #4 type] 
Type domain.Flight is not enhanced.

------------------------------------------------------------------------------------------------------------------------

[2025-02-06 20:02:04 #1 store] 
Database 'C:\Users\ander\git\1Marroia25\erreserba_data.odb' is opened by 13816@LAPTOP-KQMM363R

[2025-02-06 20:02:04 #2 store] 
Configuration path: ?

[2025-02-06 20:02:04 #3 type] 
Type domain.ConcreteFlight is not enhanced.

[2025-02-06 20:02:05 #4 type] 
Type domain.Flight is not enhanced.

------------------------------------------------------------------------------------------------------------------------

[2025-02-06 20:04:23 #1 store] 
Database 'C:\Users\ander\git\1Marroia25\erreserba_data.odb' is opened by 30744@LAPTOP-KQMM363R

[2025-02-06 20:04:23 #2 store] 
Configuration path: ?

[2025-02-06 20:04:23 #3 type] 
Type domain.ConcreteFlight is not enhanced.

[2025-02-06 20:04:24 #4 type] 
Type domain.Flight is not enhanced.

------------------------------------------------------------------------------------------------------------------------

[2025-02-06 20:06:44 #1 store] 
Database 'C:\Users\ander\git\1Marroia25\erreserba_data.odb' is opened by 2300@LAPTOP-KQMM363R

[2025-02-06 20:06:44 #2 store] 
Configuration path: ?

[2025-02-06 20:06:44 #3 type] 
Type domain.ConcreteFlight is not enhanced.

[2025-02-06 20:06:44 #4 type] 
Type domain.Flight is not enhanced.

------------------------------------------------------------------------------------------------------------------------

[2025-02-06 20:11:19 #1 store] 
Database 'C:\Users\ander\git\1Marroia25\erreserba_data.odb' is opened by 26740@LAPTOP-KQMM363R

[2025-02-06 20:11:19 #2 store] 
Configuration path: ?

[2025-02-06 20:11:19 #3 type] 
Type domain.ConcreteFlight is not enhanced.

[2025-02-06 20:11:19 #4 type] 
Type domain.Flight is not enhanced.

------------------------------------------------------------------------------------------------------------------------

[2025-02-06 20:12:01 #1 store] 
Database 'C:\Users\ander\git\1Marroia25\erreserba_data.odb' is opened by 22620@LAPTOP-KQMM363R

[2025-02-06 20:12:01 #2 store] 
Configuration path: ?

[2025-02-06 20:12:01 #3 type] 
Type domain.ConcreteFlight is not enhanced.

[2025-02-06 20:12:01 #4 type] 
Type domain.Flight is not enhanced.

------------------------------------------------------------------------------------------------------------------------

[2025-02-06 20:12:52 #1 store] 
Database 'C:\Users\ander\git\1Marroia25\erreserba_data.odb' is opened by 10852@LAPTOP-KQMM363R

[2025-02-06 20:12:52 #2 store] 
Configuration path: ?

[2025-02-06 20:12:52 #3 type] 
Type domain.ConcreteFlight is not enhanced.

[2025-02-06 20:12:52 #4 type] 
Type domain.Flight is not enhanced.

------------------------------------------------------------------------------------------------------------------------

[2025-02-06 20:13:47 #1 store] 
Database 'C:\Users\ander\git\1Marroia25\erreserba_data.odb' is opened by 1280@LAPTOP-KQMM363R

[2025-02-06 20:13:47 #2 store] 
Configuration path: ?

[2025-02-06 20:13:47 #3 type] 
Type domain.ConcreteFlight is not enhanced.

[2025-02-06 20:13:47 #4 type] 
Type domain.Flight is not enhanced.

------------------------------------------------------------------------------------------------------------------------

[2025-02-06 20:16:51 #1 store] 
Database 'C:\Users\ander\git\1Marroia25\erreserba_data.odb' is opened by 12056@LAPTOP-KQMM363R

[2025-02-06 20:16:51 #2 store] 
Configuration path: ?

[2025-02-06 20:16:51 #3 type] 
Type domain.ConcreteFlight is not enhanced.

[2025-02-06 20:16:51 #4 type] 
Type domain.Flight is not enhanced.

------------------------------------------------------------------------------------------------------------------------

[2025-02-06 20:18:59 #1 store] 
Database 'C:\Users\ander\git\1Marroia25\erreserba_data.odb' is opened by 12988@LAPTOP-KQMM363R

[2025-02-06 20:18:59 #2 store] 
Configuration path: ?

[2025-02-06 20:18:59 #3 type] 
Type domain.ConcreteFlight is not enhanced.

[2025-02-06 20:18:59 #4 type] 
Type domain.Flight is not enhanced.

