------------------------------------------------------------------------------------------------------------------------

[2025-02-05 19:09:32 #1 store] 
Database 'C:\Users\ander\git\1Marroia25\erreserba_data.odb' is opened by 6340@LAPTOP-KQMM363R

[2025-02-05 19:09:32 #2 store] 
Configuration path: ?

------------------------------------------------------------------------------------------------------------------------

[2025-02-05 19:10:34 #1 store] 
Database 'C:\Users\ander\git\1Marroia25\erreserba_data.odb' has been recovered (tr. 1-3)

[2025-02-05 19:10:34 #2 store] 
Database 'C:\Users\ander\git\1Marroia25\erreserba_data.odb' is opened by 27420@LAPTOP-KQMM363R

[2025-02-05 19:10:34 #3 store] 
Configuration path: ?

------------------------------------------------------------------------------------------------------------------------

[2025-02-05 19:11:02 #1 store] 
Database 'C:\Users\ander\git\1Marroia25\erreserba_data.odb' is opened by 5268@LAPTOP-KQMM363R

[2025-02-05 19:11:02 #2 store] 
Configuration path: ?

------------------------------------------------------------------------------------------------------------------------

[2025-02-05 19:13:49 #1 store] 
Database 'C:\Users\ander\git\1Marroia25\erreserba_data.odb' is opened by 20292@LAPTOP-KQMM363R

[2025-02-05 19:13:49 #2 store] 
Configuration path: ?

------------------------------------------------------------------------------------------------------------------------

[2025-02-05 19:20:27 #1 store] 
Database 'C:\Users\ander\git\1Marroia25\erreserba_data.odb' is opened by 3932@LAPTOP-KQMM363R

[2025-02-05 19:20:27 #2 store] 
Configuration path: ?

------------------------------------------------------------------------------------------------------------------------

[2025-02-05 19:20:52 #1 store] 
Database 'C:\Users\ander\git\1Marroia25\erreserba_data.odb' is opened by 13868@LAPTOP-KQMM363R

[2025-02-05 19:20:52 #2 store] 
Configuration path: ?

------------------------------------------------------------------------------------------------------------------------

[2025-02-05 19:21:05 #1 store] 
Database 'C:\Users\ander\git\1Marroia25\erreserba_data.odb' is opened by 28616@LAPTOP-KQMM363R

[2025-02-05 19:21:05 #2 store] 
Configuration path: ?

------------------------------------------------------------------------------------------------------------------------

[2025-02-05 19:22:51 #1 store] 
Database 'C:\Users\ander\git\1Marroia25\erreserba_data.odb' is opened by 30084@LAPTOP-KQMM363R

[2025-02-05 19:22:51 #2 store] 
Configuration path: ?

------------------------------------------------------------------------------------------------------------------------

[2025-02-05 19:37:41 #1 store] 
Database 'C:\Users\ander\git\1Marroia25\erreserba_data.odb' is opened by 20460@LAPTOP-KQMM363R

[2025-02-05 19:37:41 #2 store] 
Configuration path: ?

------------------------------------------------------------------------------------------------------------------------

[2025-02-05 19:38:51 #1 store] 
Database 'C:\Users\ander\git\1Marroia25\erreserba_data.odb' has been recovered (tr. 4-4)

[2025-02-05 19:38:51 #2 store] 
Database 'C:\Users\ander\git\1Marroia25\erreserba_data.odb' is opened by 30540@LAPTOP-KQMM363R

[2025-02-05 19:38:51 #3 store] 
Configuration path: ?

[2025-02-05 19:38:51 #4 type] 
Type domain.ConcreteFlight is not enhanced.

------------------------------------------------------------------------------------------------------------------------

[2025-02-05 19:39:29 #1 store] 
Database 'C:\Users\ander\git\1Marroia25\erreserba_data.odb' has been recovered (tr. 5-5)

[2025-02-05 19:39:29 #2 store] 
Database 'C:\Users\ander\git\1Marroia25\erreserba_data.odb' is opened by 24052@LAPTOP-KQMM363R

[2025-02-05 19:39:29 #3 store] 
Configuration path: ?

[2025-02-05 19:39:29 #4 type] 
Type domain.ConcreteFlight is not enhanced.

[2025-02-05 19:39:29 #5 type] 
Type domain.Flight is not enhanced.

------------------------------------------------------------------------------------------------------------------------

[2025-02-05 19:41:35 #1 store] 
Database 'C:\Users\ander\git\1Marroia25\erreserba_data.odb' is opened by 19100@LAPTOP-KQMM363R

[2025-02-05 19:41:35 #2 store] 
Configuration path: ?

[2025-02-05 19:41:35 #3 type] 
Type domain.ConcreteFlight is not enhanced.

[2025-02-05 19:41:36 #4 type] 
Type domain.Flight is not enhanced.

------------------------------------------------------------------------------------------------------------------------

[2025-02-05 19:42:14 #1 store] 
Database 'C:\Users\ander\git\1Marroia25\erreserba_data.odb' is opened by 15736@LAPTOP-KQMM363R

[2025-02-05 19:42:14 #2 store] 
Configuration path: ?

[2025-02-05 19:42:14 #3 type] 
Type domain.ConcreteFlight is not enhanced.

[2025-02-05 19:42:14 #4 type] 
Type domain.Flight is not enhanced.

------------------------------------------------------------------------------------------------------------------------

[2025-02-05 19:42:23 #1 store] 
Database 'C:\Users\ander\git\1Marroia25\erreserba_data.odb' is opened by 10488@LAPTOP-KQMM363R

[2025-02-05 19:42:23 #2 store] 
Configuration path: ?

[2025-02-05 19:42:23 #3 type] 
Type domain.ConcreteFlight is not enhanced.

[2025-02-05 19:42:23 #4 type] 
Type domain.Flight is not enhanced.

------------------------------------------------------------------------------------------------------------------------

[2025-02-05 19:50:18 #1 store] 
Database 'C:\Users\ander\git\1Marroia25\erreserba_data.odb' is opened by 30288@LAPTOP-KQMM363R

[2025-02-05 19:50:18 #2 store] 
Configuration path: ?

[2025-02-05 19:50:18 #3 type] 
Type domain.ConcreteFlight is not enhanced.

[2025-02-05 19:50:19 #4 type] 
Type domain.Flight is not enhanced.

------------------------------------------------------------------------------------------------------------------------

[2025-02-05 19:50:52 #1 store] 
Database 'C:\Users\ander\git\1Marroia25\erreserba_data.odb' is opened by 5828@LAPTOP-KQMM363R

[2025-02-05 19:50:52 #2 store] 
Configuration path: ?

[2025-02-05 19:50:52 #3 type] 
Type domain.ConcreteFlight is not enhanced.

[2025-02-05 19:50:52 #4 type] 
Type domain.Flight is not enhanced.

------------------------------------------------------------------------------------------------------------------------

[2025-02-05 19:52:31 #1 store] 
Database 'C:\Users\ander\git\1Marroia25\erreserba_data.odb' is opened by 15184@LAPTOP-KQMM363R

[2025-02-05 19:52:31 #2 store] 
Configuration path: ?

[2025-02-05 19:52:31 #3 type] 
Type domain.ConcreteFlight is not enhanced.

[2025-02-05 19:52:31 #4 type] 
Type domain.Flight is not enhanced.

